Reading supplements-english.csv...

Found 808 cells that need translation
Translating only these specific cells...

[1/808] Row 5, Column 7: Medium....
[2/808] Row 6, Column 7: Medium. Teratogen during pregnancy (high dose)....
[3/808] Row 10, Column 7: Medium. Liver values....
[4/808] Row 14, Column 5: Acute detox, gases....
[5/808] Row 14, Column 6: Binds everything (including medicine/nutrition)....
[6/808] Row 14, Column 7: Medium. Do not take with food/medication....
[7/808] Row 16, Column 6: The R-form is natural/bioavailable....
[8/808] Row 16, Column 7: Medium. Lowers blood sugar....
[9/808] Row 27, Column 7: Medium. Not for chronic inflammation....
[10/808] Row 28, Column 6: Questionable bioavailability....
[11/808] Row 29, Column 6: "Somnifera" means sleep-inducing....
[12/808] Row 30, Column 7: Medium. May affect thyroid/sedative....
[13/808] Row 38, Column 7: Low. May cause gastrointestinal discomfort/fatigue....
[14/808] Row 42, Column 7: Medium. Interacts with CYP enzyme....
[15/808] Row 43, Column 7: Medium....
[16/808] Row 44, Column 7: Medium....
[17/808] Row 47, Column 7: Medium. Not for use in case of stomach ulcers....
[18/808] Row 48, Column 7: Medium. Does not burn if not needed....
[19/808] Row 53, Column 7: Medium. Affects medication absorption....
[20/808] Row 55, Column 7: Low. Lab test interference....
[21/808] Row 58, Column 5: Urinary tract, detox....
[22/808] Row 66, Column 6: High bioavailability of AKBA....
[23/808] Row 68, Column 5: Detox, hormone balance....
[24/808] Row 72, Column 6: Root (not the leaves) for prostate....
[25/808] Row 78, Column 5: "Intellect Tree", memory....
[26/808] Row 81, Column 5: Chlorophyll, detox....
[27/808] Row 81, Column 6: Must have 'broken cell wall'....
[28/808] Row 85, Column 6: Very good bioavailability....
[29/808] Row 93, Column 6: Phytosome/Piperine is required....
[30/808] Row 93, Column 7: Medium. Blood-thinning....
[31/808] Row 94, Column 7: Medium. Blood thinner....
[32/808] Row 110, Column 6: Only in case of confirmed deficiency (age)....
[33/808] Row 116, Column 7: Medium. Blood-thinning....
[34/808] Row 134, Column 5: Immediate ketosis, brain energy....
[35/808] Row 138, Column 7: Medium. Short-term effect....
[36/808] Row 141, Column 5: High dose in short intervals (senolytic)....
[37/808] Row 141, Column 6: Taken with fat. Low bioavailability....
[38/808] Row 144, Column 7: Medium. Liver toxicity?...
[39/808] Row 158, Column 6: Alzheimer's medication (also supplements)....
[40/808] Row 158, Column 7: Medium. Nausea....
[41/808] Row 160, Column 7: Medium. Bleeding....
[42/808] Row 161, Column 7: Medium. Blood-thinning....
[43/808] Row 162, Column 7: Medium. Bleeding....
[44/808] Row 163, Column 6: Nitric oxide mediator....
[45/808] Row 170, Column 6: The sulfa form has the best evidence....
[46/808] Row 172, Column 5: Skin lightening, detox....
[47/808] Row 172, Column 6: Liposome best....
[48/808] Row 182, Column 7: Medium. CYP3A4 inhibitor....
[49/808] Row 187, Column 7: Medium. Liver toxicity (rare)....
[50/808] Row 193, Column 5: Sugar cravings, blood sugar....

  Saving progress... (50/808 translated)
[51/808] Row 194, Column 7: Medium. Digoxin interaction....
[52/808] Row 199, Column 6: Often in citrus bioflavonoids....
[53/808] Row 202, Column 7: Medium. Palpitations....
[54/808] Row 205, Column 7: Medium....
[55/808] Row 210, Column 6: Cycle to avoid tolerance....
[56/808] Row 225, Column 7: Medium....
[57/808] Row 226, Column 7: Medium. Thyroid balance....
[58/808] Row 227, Column 6: Many drug interactions (CYP3A4)....
[59/808] Row 228, Column 7: High. Drug interaction!...
[60/808] Row 230, Column 7: Medium. The stomach....
[61/808] Row 231, Column 7: Medium....
[62/808] Row 233, Column 6: Fewer gastrointestinal side effects....
[63/808] Row 233, Column 7: Medium. Overdose risk....
[64/808] Row 236, Column 7: Medium. Vascular risk?...
[65/808] Row 237, Column 7: Medium. Risk of vascular calcification without K2....
[66/808] Row 238, Column 7: Medium. Constipation....
[67/808] Row 240, Column 5: Detox of estrogen/toxins....
[68/808] Row 240, Column 7: Low. May increase excretion of medication....
[69/808] Row 241, Column 5: Estrogen detox....
[70/808] Row 242, Column 7: Medium. Heart risk in renal failure....
[71/808] Row 243, Column 7: Medium. Kidney problems?...
[72/808] Row 253, Column 6: Kavalactones. Liver risk with abuse....
[73/808] Row 253, Column 7: Medium. Do not take with alcohol....
[74/808] Row 257, Column 5: Detox, body odor....
[75/808] Row 258, Column 7: Medium. Sleep disturbance, anxiety....
[76/808] Row 259, Column 7: Medium....
[77/808] Row 262, Column 6: Low bioavailability for the brain....
[78/808] Row 269, Column 7: Medium. Toxic in excess....
[79/808] Row 274, Column 5: Maintenance dose 5g daily. Loading optional....
[80/808] Row 275, Column 5: Sugar cravings, insulin....
[81/808] Row 285, Column 5: Intestinal mucosa, recovery....
[82/808] Row 286, Column 5: Intestinal wall, muscle recovery....
[83/808] Row 286, Column 6: Fuel for intestinal cells....
[84/808] Row 291, Column 5: Ammonia detox, sleep, fatigue....
[85/808] Row 294, Column 7: Medium. Sedation....
[86/808] Row 295, Column 7: Medium....
[87/808] Row 296, Column 7: Medium. Thyroid interaction....
[88/808] Row 300, Column 7: Low. Burps lavender....
[89/808] Row 306, Column 6: Microdose (not a medicinal dose)....
[90/808] Row 306, Column 7: Medium. Thyroid?...
[91/808] Row 325, Column 6: High bioavailability, gentle on the stomach....
[92/808] Row 327, Column 6: High bioavailability....
[93/808] Row 335, Column 6: The leaves for the kidneys....
[94/808] Row 337, Column 6: Roten för levern....
  → Root for the liver.
[95/808] Row 337, Column 7: Låg....
  → Low.
[96/808] Row 338, Column 2: Grön...
  → Green
[97/808] Row 338, Column 5: Ketontillverkning, energi....
  → Ketone production, energy.
[98/808] Row 338, Column 7: Låg. Magbesvär vid start....
  → Low. Stomach issues at start.
[99/808] Row 339, Column 2: Grön...
  → Green
[100/808] Row 339, Column 5: Hjärnenergi (ketoner)....
  → Brain energy (ketones).

  Saving progress... (100/808 translated)
[101/808] Row 339, Column 6: Alzheimer-stöd?...
  → Alzheimer support?
[102/808] Row 339, Column 7: Låg....
  → Low.
[103/808] Row 340, Column 2: Grön...
  → Green
[104/808] Row 340, Column 6: Ökar energiförbrukning....
  → Increases energy expenditure.
[105/808] Row 340, Column 7: Låg....
  → Low.
[106/808] Row 341, Column 2: Grön...
  → Green
[107/808] Row 341, Column 5: Snabb ketonenergi (hjärna)....
  → Rapid ketone energy (brain).
[108/808] Row 341, Column 6: Börja lågt (magras)....
  → Start low (magras).
[109/808] Row 341, Column 7: Låg....
  → Low.
[110/808] Row 342, Column 2: Grön...
  → Green
[111/808] Row 342, Column 6: Snällare mot magen än olja....
  → Gentler on the stomach than oil.
[112/808] Row 342, Column 7: Låg....
  → Low.
[113/808] Row 343, Column 2: Grön...
  → Green
[114/808] Row 343, Column 5: Insomning, dygnsrytm....
  → Sleep onset, circadian rhythm.
[115/808] Row 343, Column 6: Låg dos ofta effektivare (0.3-1mg)....
  → Low dose often more effective (0.3-1mg).
[116/808] Row 343, Column 7: Låg. Kan ge mardrömmar....
  → Low. May cause nightmares.
[117/808] Row 344, Column 2: Grön...
  → Green
[118/808] Row 344, Column 5: Insomning....
  → Sleep onset.
[119/808] Row 344, Column 7: Låg. Drömmar....
  → Low. Dreams.
[120/808] Row 345, Column 2: Grön...
  → Green
[121/808] Row 345, Column 5: Leverhälsa....
  → Liver health.
[122/808] Row 345, Column 7: Låg....
  → Low.
[123/808] Row 346, Column 2: Grön...
  → Green
[124/808] Row 346, Column 5: Leverhälsa, glutation....
  → Liver health, glutathione.
[125/808] Row 346, Column 6: Antioxidant för hepatocyter....
  → Antioxidant for hepatocytes.
[126/808] Row 346, Column 7: Låg. CYP-interaktioner?...
  → Low. CYP interactions?
[127/808] Row 347, Column 2: Grön...
  → Green
[128/808] Row 347, Column 5: Urinvägsinfektion (akut)....
  → Urinary tract infection (acute).
[129/808] Row 347, Column 7: Medium. Korttidsbruk!...
  → Medium. Short-term use!
[130/808] Row 348, Column 2: Grön...
  → Green
[131/808] Row 348, Column 5: Detox (sulfiter), urinsyra....
  → Detox (sulfites), uric acid.
[132/808] Row 348, Column 6: Essentiellt spårämne....
  → Essential trace element.
[133/808] Row 348, Column 7: Låg....
  → Low.
[134/808] Row 349, Column 2: Blå...
  → Blue
[135/808] Row 349, Column 5: Virus (höljeförsedda)....
  → Virus (enveloped).
[136/808] Row 349, Column 6: Från kokosolja/laurinsyra....
  → From coconut oil/lauric acid.
[137/808] Row 349, Column 7: Låg....
  → Low.
[138/808] Row 350, Column 2: Grön...
  → Green
[139/808] Row 350, Column 5: Svaveldonator, ledhälsa, antioxidat....
  → Sulfur donor, joint health, antioxidant.
[140/808] Row 350, Column 6: Tas upp väl....
  → Well absorbed.
[141/808] Row 350, Column 7: Låg....
  → Low.
[142/808] Row 351, Column 2: Grön...
  → Green
[143/808] Row 351, Column 5: Keratin/kollagen-stöd....
  → Keratin/collagen support.
[144/808] Row 351, Column 6: "Skönhetsmineral"....
  → Beauty mineral.
[145/808] Row 351, Column 7: Låg....
  → Low.
[146/808] Row 352, Column 2: Grön...
  → Green
[147/808] Row 352, Column 5: Ledvärk....
  → Joint pain.
[148/808] Row 352, Column 6: Svavel....
  → Sulfur.
[149/808] Row 352, Column 7: Låg....
  → Low.
[150/808] Row 353, Column 2: Grön...
  → Green

  Saving progress... (150/808 translated)
[151/808] Row 353, Column 7: Medium. Nedreglering?...
  → Medium. Downregulation?
[152/808] Row 354, Column 2: Blå...
  → Blue
[153/808] Row 354, Column 7: Låg....
  → Low.
[154/808] Row 355, Column 2: Grön...
  → Green
[155/808] Row 355, Column 6: Ökar progesteron (sänker prolaktin)....
  → Increases progesterone (lowers prolactin).
[156/808] Row 355, Column 7: Låg....
  → Low.
[157/808] Row 356, Column 2: Grön...
  → Green
[158/808] Row 356, Column 5: PCOS, ångest, sömn....
  → PCOS, anxiety, sleep.
[159/808] Row 356, Column 6: B-vitamin släkting....
  → B-vitamin relative.
[160/808] Row 356, Column 7: Låg....
  → Low.
[161/808] Row 357, Column 2: Blå...
  → Blue
[162/808] Row 357, Column 6: Mer löslig men sämre omvandling än L-Tyr?...
  → More soluble but poorer conversion than L-Tyr?
[163/808] Row 357, Column 7: Låg....
  → Low.
[164/808] Row 358, Column 2: Blå...
  → Blue
[165/808] Row 358, Column 5: Vattenlöslig Tyrosin....
    ✗ Failed to translate: Vattenlöslig Tyrosin.
[166/808] Row 358, Column 6: Sämre omvandling än L-Tyrosin?...
  → Worse conversion than L-Tyrosine?
[167/808] Row 358, Column 7: Låg....
  → Low.
[168/808] Row 359, Column 2: Blå...
  → Blue
[169/808] Row 359, Column 5: Energi, fettförbränning....
  → Energy, fat burning.
[170/808] Row 359, Column 6: Ökar gastrin?...
  → Does gastrin increase?
[171/808] Row 359, Column 7: Låg....
  → Low.
[172/808] Row 360, Column 2: Grön...
  → Green
[173/808] Row 360, Column 7: Låg....
  → Low.
[174/808] Row 361, Column 2: Grön...
  → Green
[175/808] Row 361, Column 6: Svavelkälla....
  → Sulfur source.
[176/808] Row 361, Column 7: Låg....
  → Low.
[177/808] Row 362, Column 2: Grön...
  → Green
[178/808] Row 362, Column 6: Vid luftvägsproblem....
  → In case of respiratory problems.
[179/808] Row 362, Column 7: Låg....
  → Low.
[180/808] Row 363, Column 2: Grön...
  → Green
[181/808] Row 363, Column 5: Tvångssyndrom (OCD), beroende....
  → Obsessive-Compulsive Disorder (OCD), dependence.
[182/808] Row 363, Column 7: Låg....
  → Low.
[183/808] Row 364, Column 2: Grön...
  → Green
[184/808] Row 364, Column 5: Glutation-prekursor, slemrösande....
  → Glutathione precursor, mucolytic.
[185/808] Row 364, Column 6: Svaveldoft. Biotillgänglig....
  → Sulfur smell. Bioavailable.
[186/808] Row 364, Column 7: Låg....
  → Low.
[187/808] Row 366, Column 2: Grön...
  → Green
[188/808] Row 366, Column 5: Mjölksyrabuffert (akut)....
  → Lactic acid buffer (acute).
[189/808] Row 366, Column 6: 0.3g/kg kroppsvikt. Magsmärtor!...
  → 0.3g/kg body weight. Stomach pains!
[190/808] Row 366, Column 7: Medium. Magkramp/Diarré....
  → Medium. Stomach cramps/Diarrhea.
[191/808] Row 367, Column 2: Grön...
  → Green
[192/808] Row 367, Column 7: Medium. Blodförtunnande....
  → Medium. Blood-thinning.
[193/808] Row 368, Column 2: Grön...
  → Green
[194/808] Row 368, Column 7: Medium. Lever?...
  → Medium. Liver?
[195/808] Row 369, Column 2: Grön...
  → Green
[196/808] Row 369, Column 6: Bra för akne/hudbarriär....
  → Good for acne/skin barrier.
[197/808] Row 369, Column 7: Låg....
  → Low.
[198/808] Row 370, Column 2: Grön...
  → Green
[199/808] Row 370, Column 5: Akne, hudbarriär, rodnad....
  → Acne, skin barrier, redness.
[200/808] Row 370, Column 7: Låg....
  → Low.

  Saving progress... (200/808 translated)
[201/808] Row 371, Column 2: Blå...
  → Blue
[202/808] Row 371, Column 5: Tas på morgonen för NAD+ stöd....
  → Taken in the morning for NAD+ support.
[203/808] Row 371, Column 6: Sublingualt eller liposomalt föredras....
  → Sublingual or liposomal is preferred.
[204/808] Row 371, Column 7: Låg. Påverkar metylering (ta med TMG)....
  → Low. Affects methylation (include TMG).
[205/808] Row 372, Column 2: Blå...
  → Blue
[206/808] Row 372, Column 6: Åldersrelaterad insulinresistens....
  → Age-related insulin resistance.
[207/808] Row 372, Column 7: Låg....
  → Low.
[208/808] Row 373, Column 2: Blå...
  → Blue
[209/808] Row 373, Column 7: Låg....
  → Low.
[210/808] Row 374, Column 2: Grön...
  → Green
[211/808] Row 374, Column 6: Histaminhämmande....
  → Histamine-inhibiting.
[212/808] Row 374, Column 7: Låg....
  → Low.
[213/808] Row 375, Column 2: Grön...
  → Green
[214/808] Row 375, Column 7: Låg....
  → Low.
[215/808] Row 376, Column 2: Grön...
  → Green
[216/808] Row 376, Column 5: Immunmodulering för ledhälsa....
  → Immune modulation for joint health.
[217/808] Row 376, Column 7: Låg....
  → Low.
[218/808] Row 377, Column 2: Blå...
  → Blue
[219/808] Row 377, Column 5: Fettförbränning (Norepinefrin)....
  → Fat burning (Norepinephrine).
[220/808] Row 377, Column 6: Svagare än synefrin....
  → Weaker than synephrine.
[221/808] Row 377, Column 7: Låg....
  → Low.
[222/808] Row 378, Column 2: Blå...
  → Blue
[223/808] Row 378, Column 5: Sömninducering....
  → Sleep induction.
[224/808] Row 378, Column 6: Ackumuleras vid sömnbrist....
  → Accumulates during sleep deprivation.
[225/808] Row 378, Column 7: Låg....
  → Low.
[226/808] Row 379, Column 2: Grön...
  → Green
[227/808] Row 379, Column 6: Oleuropein är aktivt ämne....
  → Oleuropein is an active substance.
[228/808] Row 379, Column 7: Låg. Herxheimer-reaktion?...
  → Low. Herxheimer reaction?
[229/808] Row 380, Column 2: Grön...
  → Green
[230/808] Row 380, Column 7: Låg....
  → Low.
[231/808] Row 381, Column 2: Grön...
  → Green
[232/808] Row 381, Column 5: Dos avser total mängd EPA+DHA....
  → Dose refers to the total amount of EPA+DHA.
[233/808] Row 381, Column 6: Tas med fettrik måltid....
  → Taken with a high-fat meal.
[234/808] Row 381, Column 7: Låg. Blodförtunnande vid hög dos....
  → Low. Anticoagulant at high dose.
[235/808] Row 382, Column 2: Grön...
  → Green
[236/808] Row 382, Column 6: EPA för inflammation....
  → EPA for inflammation.
[237/808] Row 382, Column 7: Låg....
  → Low.
[238/808] Row 383, Column 2: Grön...
  → Green
[239/808] Row 383, Column 6: EPA viktigast för humör....
  → EPA is most important for mood.
[240/808] Row 383, Column 7: Låg....
  → Low.
[241/808] Row 384, Column 2: Blå...
  → Blue
[242/808] Row 384, Column 6: Starkt, kan irritera slemhinnor....
  → Strong, may irritate mucous membranes.
[243/808] Row 384, Column 7: Medium. Slår ut goda bakterier?...
  → Medium. Does it eliminate good bacteria?
[244/808] Row 385, Column 2: Blå...
  → Blue
[245/808] Row 385, Column 7: Medium. Stark för magen....
  → Medium. Strong for the stomach.
[246/808] Row 386, Column 2: Grön...
  → Green
[247/808] Row 386, Column 5: Minskar ammoniak, sömn....
  → Reduces ammonia, sleep.
[248/808] Row 386, Column 6: Synergi med Arginin....
  → Synergy with Arginine.
[249/808] Row 386, Column 7: Låg....
  → Low.
[250/808] Row 387, Column 2: Blå...
  → Blue

  Saving progress... (250/808 translated)
[251/808] Row 387, Column 6: Kan innehålla statin-liknande ämnen....
  → May contain statin-like substances.
[252/808] Row 387, Column 7: Låg....
  → Low.
[253/808] Row 388, Column 2: Grön...
  → Green
[254/808] Row 388, Column 5: Fettsmältning (utan gallblåsa)....
  → Fat digestion (without gallbladder).
[255/808] Row 388, Column 6: Ersätter galla....
  → Replaces bile.
[256/808] Row 388, Column 7: Låg....
  → Low.
[257/808] Row 389, Column 2: Blå...
  → Blue
[258/808] Row 389, Column 6: Vattenlöslig....
  → Water-soluble.
[259/808] Row 389, Column 7: Låg....
  → Low.
[260/808] Row 390, Column 2: Grön...
  → Green
[261/808] Row 390, Column 5: Aktiv B6, kofaktor för neurotransmittorer....
  → Active B6, cofactor for neurotransmitters.
[262/808] Row 390, Column 6: Kräver ej leveromvandling....
  → Does not require liver conversion.
[263/808] Row 390, Column 7: Låg. Höga doser kan ge neuropati....
  → Low. High doses may cause neuropathy.
[264/808] Row 391, Column 2: Blå...
  → Blue
[265/808] Row 391, Column 5: Hud, hår, B-vitaminkofaktor....
  → Skin, hair, B-vitamin cofactor.
[266/808] Row 391, Column 6: Del av folsyra-molekylen....
  → Part of the folic acid molecule.
[267/808] Row 391, Column 7: Låg. Sulfamedicin-interaktion....
  → Low. Sulfa drug interaction.
[268/808] Row 392, Column 2: Blå...
  → Blue
[269/808] Row 392, Column 5: Grått hår (förr i tiden)....
  → Gray hair (in the past).
[270/808] Row 392, Column 6: Del av folat....
  → Part of folate.
[271/808] Row 392, Column 7: Låg....
  → Low.
[272/808] Row 393, Column 2: Blå...
  → Blue
[273/808] Row 393, Column 6: Bättre än pantotensyra för lipider....
  → Better than pantothenic acid for lipids.
[274/808] Row 393, Column 7: Låg....
  → Low.
[275/808] Row 394, Column 2: Grön...
  → Green
[276/808] Row 394, Column 5: Akne (hög dos), fettmetabolism....
    ✗ Failed to translate: Akne (hög dos), fettmetabolism.
[277/808] Row 394, Column 6: Vattenlöslig....
  → Water-soluble.
[278/808] Row 394, Column 7: Låg....
  → Low.
[279/808] Row 395, Column 2: Grön...
  → Green
[280/808] Row 395, Column 7: Låg....
  → Low.
[281/808] Row 396, Column 2: Grön...
  → Green
[282/808] Row 396, Column 5: Ångest, sömn....
  → Anxiety, sleep.
[283/808] Row 396, Column 6: Ökar GABA....
  → Increases GABA.
[284/808] Row 396, Column 7: Låg. Dåsighet....
  → Low. Drowsiness.
[285/808] Row 397, Column 2: Grön...
  → Green
[286/808] Row 397, Column 5: Ångest, sömn....
  → Anxiety, sleep.
[287/808] Row 397, Column 7: Låg....
  → Low.
[288/808] Row 398, Column 2: Grön...
  → Green
[289/808] Row 398, Column 6: Enterokapslar bäst....
  → Enteric capsules are best.
[290/808] Row 398, Column 7: Låg. Refluxrisk om ej kapslad....
  → Low. Reflux risk if not encapsulated.
[291/808] Row 399, Column 2: Grön...
  → Green
[292/808] Row 399, Column 5: IBS, kramplösande....
  → IBS, antispasmodic.
[293/808] Row 399, Column 6: Enterokapslar för tarmen....
  → Enteric capsules for the intestine.
[294/808] Row 399, Column 7: Låg. Halsbränna om ej kapslad....
  → Low. Heartburn if not encapsulated.
[295/808] Row 400, Column 2: Grön...
  → Green
[296/808] Row 400, Column 5: Humör (Dopamin)....
  → Mood (Dopamine).
[297/808] Row 400, Column 6: "Må bra"....
  → Feel good.
[298/808] Row 400, Column 7: Låg. PKU-varning....
  → Low. PKU warning.
[299/808] Row 401, Column 2: Grön...
  → Green
[300/808] Row 401, Column 6: Väl tolererad fiber (ej gasbildande)....
  → Well-tolerated fiber (non-gas forming).

  Saving progress... (300/808 translated)
[301/808] Row 401, Column 7: Låg....
  → Low.
[302/808] Row 402, Column 2: Blå...
  → Blue
[303/808] Row 402, Column 5: Humör, fokus, neuroplasticitet....
    ✗ Failed to translate: Humör, fokus, neuroplasticitet.
[304/808] Row 402, Column 6: Unik verkningsmekanism....
  → Unique mechanism of action.
[305/808] Row 402, Column 7: Låg....
  → Low.
[306/808] Row 403, Column 2: Blå...
  → Blue
[307/808] Row 403, Column 5: Njurhälsa, lugnande....
  → Kidney health, calming.
[308/808] Row 403, Column 6: Traditionell Kinesisk Medicin....
  → Traditional Chinese Medicine.
[309/808] Row 403, Column 7: Låg....
  → Low.
[310/808] Row 404, Column 2: Blå...
  → Blue
[311/808] Row 404, Column 6: Synergi med Q10....
  → Synergy with Q10.
[312/808] Row 404, Column 7: Låg....
  → Low.
[313/808] Row 405, Column 2: Blå...
  → Blue
[314/808] Row 405, Column 6: Nytt inom hudvård....
  → New in skincare.
[315/808] Row 405, Column 7: Låg....
  → Low.
[316/808] Row 406, Column 2: Blå...
  → Blue
[317/808] Row 406, Column 5: Mitokondrier (Hjärna/Hjärta)....
  → Mitochondria (Brain/Heart).
[318/808] Row 406, Column 6: Nybildning av mitokondrier....
  → New formation of mitochondria.
[319/808] Row 406, Column 7: Låg....
  → Low.
[320/808] Row 407, Column 2: Blå...
  → Blue
[321/808] Row 407, Column 6: Fettlöslig, "emotionell avtrubbning"....
  → Fat-soluble, "emotional blunting."
[322/808] Row 407, Column 7: Låg....
  → Low.
[323/808] Row 408, Column 2: Grön...
  → Green
[324/808] Row 408, Column 6: Snällare än inulin?...
  → Kinder than inulin?
[325/808] Row 408, Column 7: Låg....
  → Low.
[326/808] Row 409, Column 2: Grön...
  → Green
[327/808] Row 409, Column 5: Mat för bakterier....
  → Food for bacteria.
[328/808] Row 409, Column 6: Kan ge gaser (FODMAP)....
  → May cause gas (FODMAP).
[329/808] Row 409, Column 7: Låg....
  → Low.
[330/808] Row 410, Column 2: Grön...
  → Green
[331/808] Row 410, Column 7: Medium. Hormonpåverkan....
  → Medium. Hormonal influence.
[332/808] Row 411, Column 2: Grön...
  → Green
[333/808] Row 411, Column 6: 70% av immunförsvaret i tarmen....
  → 70% of the immune system is in the gut.
[334/808] Row 411, Column 7: Låg....
  → Low.
[335/808] Row 412, Column 2: Grön...
  → Green
[336/808] Row 412, Column 5: Stressmage, ångest....
  → Stress stomach, anxiety.
[337/808] Row 412, Column 7: Låg....
  → Low.
[338/808] Row 413, Column 2: Grön...
  → Green
[339/808] Row 413, Column 5: Allmän maghälsa, laktos....
  → General gut health, lactose.
[340/808] Row 413, Column 7: Låg....
  → Low.
[341/808] Row 414, Column 2: Grön...
  → Green
[342/808] Row 414, Column 5: Kolik, maghälsa, D-vitaminupptag....
  → Colic, magnesium health, vitamin D absorption.
[343/808] Row 414, Column 7: Låg....
  → Low.
[344/808] Row 415, Column 2: Grön...
  → Green
[345/808] Row 415, Column 6: Välstuderad (LGG)....
  → Well-studied (LGG).
[346/808] Row 415, Column 7: Låg....
  → Low.
[347/808] Row 416, Column 2: Grön...
  → Green
[348/808] Row 416, Column 6: Jästsvamp, dör ej av antibiotika....
  → Yeast fungus, does not die from antibiotics.
[349/808] Row 416, Column 7: Låg. Ej för immunsupprimerade....
  → Low. Not for immunosuppressed.
[350/808] Row 417, Column 2: Blå...
  → Blue

  Saving progress... (350/808 translated)
[351/808] Row 417, Column 5: Kollagenstruktur, ledhälsa....
  → Collagen structure, joint health.
[352/808] Row 417, Column 7: Låg....
  → Low.
[353/808] Row 418, Column 2: Grön...
  → Green
[354/808] Row 418, Column 6: Hals/Munhåla....
  → Throat/Oral cavity.
[355/808] Row 418, Column 7: Låg....
  → Low.
[356/808] Row 419, Column 2: Grön...
  → Green
[357/808] Row 419, Column 7: Låg....
  → Low.
[358/808] Row 420, Column 2: Grön...
  → Green
[359/808] Row 420, Column 5: Fiber, sänker kolesterol, mättnad....
  → Fiber, lowers cholesterol, satiety.
[360/808] Row 420, Column 6: Måste tas med mycket vatten....
  → Must be taken with plenty of water.
[361/808] Row 420, Column 7: Låg. Kan påverka medicinupptag....
  → Low. May affect medication absorption.
[362/808] Row 421, Column 2: Blå...
  → Blue
[363/808] Row 421, Column 5: Mer potent analog till resveratrol....
  → More potent analog of resveratrol.
[364/808] Row 421, Column 6: Bättre oral biotillgänglighet än resveratrol....
  → Better oral bioavailability than resveratrol.
[365/808] Row 421, Column 7: Låg....
  → Low.
[366/808] Row 422, Column 2: Grön...
  → Green
[367/808] Row 422, Column 5: Håravfall, prostata....
  → Hair loss, prostate.
[368/808] Row 422, Column 7: Låg....
  → Low.
[369/808] Row 423, Column 2: Grön...
  → Green
[370/808] Row 423, Column 5: Blåsa, prostata....
  → Bladder, prostate.
[371/808] Row 423, Column 7: Låg....
  → Low.
[372/808] Row 424, Column 2: Grön...
  → Green
[373/808] Row 424, Column 7: Låg....
  → Low.
[374/808] Row 425, Column 2: Grön...
  → Green
[375/808] Row 425, Column 7: Låg....
  → Low.
[376/808] Row 426, Column 2: Grön...
  → Green
[377/808] Row 426, Column 6: Kväveoxid....
  → Nitric oxide.
[378/808] Row 426, Column 7: Låg....
  → Low.
[379/808] Row 427, Column 2: Grön...
  → Green
[380/808] Row 427, Column 5: Prostatahälsa....
  → Prostate health.
[381/808] Row 427, Column 6: Ofta kombinerat med Saw Palmetto....
  → Often combined with Saw Palmetto.
[382/808] Row 427, Column 7: Låg....
  → Low.
[383/808] Row 428, Column 2: Grön...
  → Green
[384/808] Row 428, Column 6: Afrikanskt plommon....
  → African plum.
[385/808] Row 428, Column 7: Låg....
  → Low.
[386/808] Row 429, Column 2: Grön...
  → Green
[387/808] Row 429, Column 5: Hjärtsvikt, statin-biverkning....
  → Heart failure, statin side effect.
[388/808] Row 429, Column 6: Energi till hjärtat....
  → Energy for the heart.
[389/808] Row 429, Column 7: Låg....
  → Low.
[390/808] Row 430, Column 2: Grön...
  → Green
[391/808] Row 430, Column 5: Mitokondriell energi, hjärthälsa....
  → Mitochondrial energy, heart health.
[392/808] Row 430, Column 6: Ubiquinol är den reducerade, aktiva formen....
  → Ubiquinol is the reduced, active form.
[393/808] Row 430, Column 7: Låg. Interagerar med Waran....
  → Low. Interacts with Warfarin.
[394/808] Row 431, Column 6: Poor absorption (phytosome better)....
[395/808] Row 432, Column 2: Grön...
  → Green
[396/808] Row 432, Column 5: Virusinträde, zink-jonofor....
  → Virus entry, zinc ionophore.
[397/808] Row 432, Column 6: Tas med zink....
  → Taken with zinc.
[398/808] Row 432, Column 7: Låg....
  → Low.
[399/808] Row 433, Column 2: Grön...
  → Green
[400/808] Row 433, Column 6: Mycket högre upptag än vanlig....
  → Much higher absorption than usual.

  Saving progress... (400/808 translated)
[401/808] Row 433, Column 7: Låg....
  → Low.
[402/808] Row 434, Column 2: Blå...
  → Blue
[403/808] Row 434, Column 6: Stereoisomer av yohimbin....
  → Stereoisomer of yohimbine.
[404/808] Row 434, Column 7: Hög. Stark stimulant....
  → High. Strong stimulant.
[405/808] Row 435, Column 2: Grön...
  → Green
[406/808] Row 435, Column 5: Lugn, sömn, immun....
  → Calm, sleep, immune.
[407/808] Row 435, Column 7: Låg....
  → Low.
[408/808] Row 436, Column 2: Grön...
  → Green
[409/808] Row 436, Column 6: Beta-glukaner....
  → Beta-glucans.
[410/808] Row 436, Column 7: Låg....
  → Low.
[411/808] Row 437, Column 2: Grön...
  → Green
[412/808] Row 437, Column 6: Potatismjöl, grön banan....
  → Potato starch, green banana.
[413/808] Row 437, Column 7: Låg....
  → Low.
[414/808] Row 438, Column 2: Grön...
  → Green
[415/808] Row 438, Column 6: Potatismjöl, grön banan....
  → Potato starch, green banana.
[416/808] Row 438, Column 7: Låg....
  → Low.
[417/808] Row 439, Column 2: Blå...
  → Blue
[418/808] Row 439, Column 7: Låg....
  → Low.
[419/808] Row 440, Column 2: Blå...
  → Blue
[420/808] Row 440, Column 5: Hjärnblodflöde....
  → Cerebral blood flow.
[421/808] Row 440, Column 7: Låg....
  → Low.
[422/808] Row 441, Column 2: Blå...
  → Blue
[423/808] Row 441, Column 5: Metabol hälsa....
  → Metabolic health.
[424/808] Row 441, Column 7: Låg....
  → Low.
[425/808] Row 442, Column 2: Blå...
  → Blue
[426/808] Row 442, Column 6: Dåligt upptag, kräver fett/mikronisering....
  → Poor absorption, requires fat/micronization.
[427/808] Row 442, Column 7: Medium. CYP450-interaktioner....
  → Medium. CYP450 interactions.
[428/808] Row 443, Column 2: Grön...
  → Green
[429/808] Row 443, Column 5: Standardiserad till 3% Rosavins....
  → Standardized to 3% Rosavins.
[430/808] Row 443, Column 6: Tas på morgonen (kan vara stimulerande)....
  → Taken in the morning (can be stimulating).
[431/808] Row 443, Column 7: Låg....
  → Low.
[432/808] Row 444, Column 2: Grön...
  → Green
[433/808] Row 444, Column 6: Kombinera med ärt för komplett....
  → Combine with pea for completeness.
[434/808] Row 444, Column 7: Låg....
  → Low.
[435/808] Row 445, Column 2: Grön...
  → Green
[436/808] Row 445, Column 5: Kärlhälsa, hemorrojder....
  → Vascular health, hemorrhoids.
[437/808] Row 445, Column 6: Glykosid av quercetin....
  → Glycoside of quercetin.
[438/808] Row 445, Column 7: Låg....
  → Low.
[439/808] Row 446, Column 2: Grön...
  → Green
[440/808] Row 446, Column 5: Halsbränna, IBS....
  → Heartburn, IBS.
[441/808] Row 446, Column 7: Låg. Tas ej med medicin....
  → Low. Not to be taken with medication.
[442/808] Row 447, Column 2: Grön...
  → Green
[443/808] Row 447, Column 5: Halsbränna, tarmslemhinna....
  → Heartburn, intestinal mucosa.
[444/808] Row 447, Column 7: Låg. Kan hindra medicinupptag....
  → Low. May hinder medication absorption.
[445/808] Row 448, Column 2: Grön...
  → Green
[446/808] Row 448, Column 6: Kväveoxid (vasodilatation)....
  → Nitric oxide (vasodilation).
[447/808] Row 448, Column 7: Låg....
  → Low.
[448/808] Row 449, Column 2: Grön...
  → Green
[449/808] Row 449, Column 7: Låg....
  → Low.
[450/808] Row 450, Column 2: Grön...
  → Green

  Saving progress... (450/808 translated)
[451/808] Row 450, Column 5: Kväveoxid, blodtryck, uthållighet....
  → Nitric oxide, blood pressure, endurance.
[452/808] Row 450, Column 6: Standardisera för nitratinnehåll....
  → Standardize for nitrate content.
[453/808] Row 450, Column 7: Låg. Sänker blodtryck....
  → Low. Lowers blood pressure.
[454/808] Row 451, Column 2: Grön...
  → Green
[455/808] Row 451, Column 6: Fytoöstrogen....
  → Phytoestrogen.
[456/808] Row 451, Column 7: Medium....
[457/808] Row 452, Column 2: Grön...
  → Green
[458/808] Row 452, Column 7: Medium. Q10-brist?...
  → Medium. Q10 deficiency?
[459/808] Row 453, Column 2: Grön...
  → Green
[460/808] Row 453, Column 5: Jäst-probiotika, antibiotika-mage....
  → Yeast-probiotics, antibiotic gut.
[461/808] Row 453, Column 6: Dör ej av antibiotika....
  → Does not die from antibiotics.
[462/808] Row 453, Column 7: Låg. Ej för immunsupprimerade....
  → Low. Not for immunosuppressed.
[463/808] Row 454, Column 2: Blå...
  → Blue
[464/808] Row 454, Column 5: Fokus, dopaminåterupptag....
  → Focus, dopamine reuptake.
[465/808] Row 454, Column 6: BDNF-stöd....
  → BDNF support.
[466/808] Row 454, Column 7: Låg....
  → Low.
[467/808] Row 455, Column 2: Grön...
  → Green
[468/808] Row 455, Column 5: Jästprobiotika, diarré....
  → Yeast probiotics, diarrhea.
[469/808] Row 455, Column 7: Låg....
  → Low.
[470/808] Row 456, Column 2: Grön...
  → Green
[471/808] Row 456, Column 5: Depression, ångest....
  → Depression, anxiety.
[472/808] Row 456, Column 7: Låg....
  → Low.
[473/808] Row 457, Column 2: Grön...
  → Green
[474/808] Row 457, Column 5: Humör, depression, sömn....
  → Mood, depression, sleep.
[475/808] Row 457, Column 7: Låg....
  → Low.
[476/808] Row 458, Column 2: Grön...
  → Green
[477/808] Row 458, Column 5: Humör, ögonhälsa, aptitdämpning....
  → Mood, eye health, appetite suppression.
[478/808] Row 458, Column 6: Påverkar serotonin/dopamin....
  → Affects serotonin/dopamine.
[479/808] Row 458, Column 7: Låg....
  → Low.
[480/808] Row 459, Column 2: Grön...
  → Green
[481/808] Row 459, Column 7: Medium. Mani vid bipolär sjukdom....
  → Mania in bipolar disorder.
[482/808] Row 460, Column 2: Blå...
  → Blue
[483/808] Row 460, Column 5: Glycin-transportörhämmare....
  → Glycine transporter inhibitor.
[484/808] Row 460, Column 7: Låg....
  → Low.
[485/808] Row 461, Column 2: Grön...
  → Green
[486/808] Row 461, Column 5: BPH, prostata, håravfall....
  → BPH, prostate, hair loss.
[487/808] Row 461, Column 6: Hämmar 5-alfa-reduktas....
  → Inhibits 5-alpha-reductase.
[488/808] Row 461, Column 7: Låg....
  → Low.
[489/808] Row 462, Column 2: Grön...
  → Green
[490/808] Row 462, Column 5: Prostataförstoring....
  → Prostate enlargement.
[491/808] Row 462, Column 7: Låg....
  → Low.
[492/808] Row 463, Column 2: Grön...
  → Green
[493/808] Row 463, Column 6: Fas 1 & 2 detox-stöd....
  → Phase 1 & 2 detox support.
[494/808] Row 463, Column 7: Låg....
  → Low.
[495/808] Row 464, Column 2: Grön...
  → Green
[496/808] Row 464, Column 6: Innehåller Baicalin....
  → Contains Baicalin.
[497/808] Row 464, Column 7: Låg....
  → Low.
[498/808] Row 465, Column 2: Grön...
  → Green
[499/808] Row 465, Column 5: Antioxidant, virusförsvar....
  → Antioxidant, virus defense.
[500/808] Row 465, Column 6: Brist ökar virus-virulens....
  → Deficiency increases virus virulence.

  Saving progress... (500/808 translated)
[501/808] Row 465, Column 7: Låg....
  → Low.
[502/808] Row 466, Column 2: Grön...
  → Green
[503/808] Row 466, Column 5: Sköldkörtel, antioxidant....
  → Thyroid, antioxidant.
[504/808] Row 466, Column 6: Organisk form, lagras i vävnad....
  → Organic form, stored in tissue.
[505/808] Row 466, Column 7: Medium. Toxiskt vid överdos (>400mcg)....
  → Medium. Toxic in case of overdose (>400mcg).
[506/808] Row 467, Column 2: Grön...
  → Green
[507/808] Row 467, Column 6: Standardiserat för ftalider....
  → Standardized for phthalides.
[508/808] Row 467, Column 7: Låg....
  → Low.
[509/808] Row 468, Column 2: Blå...
  → Blue
[510/808] Row 468, Column 5: Ärrvävnad, inflammation....
  → Scar tissue, inflammation.
[511/808] Row 468, Column 7: Låg....
  → Low.
[512/808] Row 469, Column 2: Grön...
  → Green
[513/808] Row 469, Column 5: Hjärta, immun....
    ✗ Failed to translate: Hjärta, immun.
[514/808] Row 469, Column 6: AHCC är ett extrakt från denna....
    ✗ Failed to translate: AHCC är ett extrakt från denna.
[515/808] Row 469, Column 7: Låg....
  → Low.
[516/808] Row 470, Column 2: Grön...
  → Green
[517/808] Row 470, Column 6: Ej östrogen (serotonin?)....
  → No estrogen (serotonin?).
[518/808] Row 470, Column 7: Låg. Leverrisk (sällsynt)....
  → Low. Liver risk (rare).
[519/808] Row 471, Column 2: Blå...
  → Blue
[520/808] Row 471, Column 5: Tarmhälsa, inflammation....
  → Gut health, inflammation.
[521/808] Row 471, Column 6: Luktar illa (smör). Cellenergi....
  → Smells bad (butter). Cellular energy.
[522/808] Row 471, Column 7: Låg....
  → Low.
[523/808] Row 472, Column 2: Grön...
  → Green
[524/808] Row 472, Column 6: Fytoöstrogen....
  → Phytoestrogen.
[525/808] Row 472, Column 7: Medium. Hormonkänslig cancer?...
  → Medium. Hormone-sensitive cancer?
[526/808] Row 473, Column 2: Grön...
  → Green
[527/808] Row 473, Column 6: Innehåller isoflavoner....
  → Contains isoflavones.
[528/808] Row 473, Column 7: Låg....
  → Low.
[529/808] Row 474, Column 2: Blå...
  → Blue
[530/808] Row 474, Column 5: Främjar autofagi. Vetegroddsextrakt....
  → Promotes autophagy. Wheat germ extract.
[531/808] Row 474, Column 6: Tas med mat....
  → Taken with food.
[532/808] Row 474, Column 7: Låg. Innehåller ofta gluten (från vete)....
    ✗ Failed to translate: Låg. Innehåller ofta gluten (från vete).
[533/808] Row 475, Column 2: Grön...
  → Green
[534/808] Row 475, Column 5: Näringstät, tungmetall-detox....
  → Nutrient-dense, heavy metal detox.
[535/808] Row 475, Column 7: Låg....
  → Low.
[536/808] Row 476, Column 2: Blå...
  → Blue
[537/808] Row 476, Column 5: Trötthet, motivation....
  → Fatigue, motivation.
[538/808] Row 476, Column 6: Syntetisk B1-dimer, fettlöslig....
  → Synthetic B1 dimer, fat-soluble.
[539/808] Row 476, Column 7: Låg. Toleransutveckling....
  → Low. Tolerance development.
[540/808] Row 477, Column 2: Grön...
  → Green
[541/808] Row 477, Column 5: Potent detox, Nrf2-aktivering....
  → Potent detox, Nrf2 activation.
[542/808] Row 477, Column 6: Kräver myrosinas för aktivering....
  → Requires myrosinase for activation.
[543/808] Row 477, Column 7: Låg....
    ✗ Failed to translate: Låg.
[544/808] Row 478, Column 2: Grön...
  → Green
[545/808] Row 478, Column 6: Innehåller Thymoquinone....
  → Contains Thymoquinone.
[546/808] Row 478, Column 7: Låg....
  → Low.
[547/808] Row 479, Column 2: Grön...
  → Green
[548/808] Row 479, Column 5: GLA-källa....
  → GLA source.
[549/808] Row 479, Column 6: Hud, hår....
  → Skin, hair.
[550/808] Row 479, Column 7: Låg....
  → Low.

  Saving progress... (550/808 translated)
[551/808] Row 480, Column 2: Grön...
  → Green
[552/808] Row 480, Column 6: Liknar efedrin men svagare/säkrare....
  → Resembles ephedrine but weaker/surer.
[553/808] Row 480, Column 7: Medium. Blodtryck....
  → Medium. Blood pressure.
[554/808] Row 481, Column 2: Grön...
  → Green
[555/808] Row 481, Column 5: Metabolism, fettförbränning....
  → Metabolism, fat burning.
[556/808] Row 481, Column 6: P-synefrin är säkrast....
  → P-synephrine is the safest.
[557/808] Row 481, Column 7: Medium....
[558/808] Row 482, Column 2: Grön...
  → Green
[559/808] Row 482, Column 5: Håravfall (manligt/kvinnligt)....
  → Hair loss (male/female).
[560/808] Row 482, Column 7: Låg....
  → Low.
[561/808] Row 483, Column 2: Grön...
  → Green
[562/808] Row 483, Column 5: Blodflöde, NO, hud....
  → Blood flow, NO, skin.
[563/808] Row 483, Column 6: Liknar druvkärneextrakt....
  → Similar to grape seed extract.
[564/808] Row 483, Column 7: Låg....
  → Low.
[565/808] Row 484, Column 2: Grön...
  → Green
[566/808] Row 484, Column 6: Återhämtning idrott....
  → Recovery sports.
[567/808] Row 484, Column 7: Låg....
  → Low.
[568/808] Row 485, Column 2: Grön...
  → Green
[569/808] Row 485, Column 5: Sömn (naturligt melatonin)....
  → Sleep (natural melatonin).
[570/808] Row 485, Column 6: Också antiinflammatorisk....
  → Also anti-inflammatory.
[571/808] Row 485, Column 7: Låg....
  → Low.
[572/808] Row 486, Column 2: Grön...
  → Green
[573/808] Row 486, Column 5: Cellvolym, hjärta, lugn....
  → Cell volume, heart, calm.
[574/808] Row 486, Column 7: Låg....
  → Low.
[575/808] Row 487, Column 2: Grön...
  → Green
[576/808] Row 487, Column 5: Hjärthälsa....
  → Heart health.
[577/808] Row 487, Column 7: Låg....
  → Low.
[578/808] Row 488, Column 2: Grön...
  → Green
[579/808] Row 488, Column 5: Leverhälsa, gallflöde....
  → Liver health, bile flow.
[580/808] Row 488, Column 6: Skyddar mot celldöd (ER-stress)....
  → Protects against cell death (ER stress).
[581/808] Row 488, Column 7: Låg....
  → Low.
[582/808] Row 489, Column 2: Grön...
  → Green
[583/808] Row 489, Column 5: Hjärthälsa, kramp, lugnande....
  → Heart health, cramps, calming.
[584/808] Row 489, Column 7: Låg....
  → Low.
[585/808] Row 490, Column 2: Grön...
  → Green
[586/808] Row 490, Column 7: Låg....
  → Low.
[587/808] Row 491, Column 2: Grön...
  → Green
[588/808] Row 491, Column 5: Avslappning, fokus....
  → Relaxation, focus.
[589/808] Row 491, Column 6: Alfavågor....
  → Alpha waves.
[590/808] Row 491, Column 7: Låg....
  → Low.
[591/808] Row 492, Column 2: Grön...
  → Green
[592/808] Row 492, Column 6: Alfavågor....
  → Alpha waves.
[593/808] Row 492, Column 7: Låg....
  → Low.
[594/808] Row 493, Column 2: Grön...
  → Green
[595/808] Row 493, Column 6: Vidgar blodkärl, lång halveringstid....
  → Vasodilates, long half-life.
[596/808] Row 493, Column 7: Låg. Giftigt för hundar!...
  → Low. Toxic to dogs!
[597/808] Row 494, Column 2: Grön...
  → Green
[598/808] Row 494, Column 5: Cirkulation, humör....
  → Circulation, mood.
[599/808] Row 494, Column 6: Antioxidanter (flavanoler)....
  → Antioxidants (flavanols).
[600/808] Row 494, Column 7: Låg....
  → Low.

  Saving progress... (600/808 translated)
[601/808] Row 495, Column 2: Blå...
  → Blue
[602/808] Row 495, Column 6: Bättre antioxidantskydd än tokoferoler....
  → Better antioxidant protection than tocopherols.
[603/808] Row 495, Column 7: Låg....
  → Low.
[604/808] Row 496, Column 2: Grön...
  → Green
[605/808] Row 496, Column 7: Låg....
  → Low.
[606/808] Row 497, Column 2: Grön...
  → Green
[607/808] Row 497, Column 6: Sänker SHBG....
  → Lowers SHBG.
[608/808] Row 497, Column 7: Låg....
  → Low.
[609/808] Row 498, Column 2: Grön...
  → Green
[610/808] Row 498, Column 5: Urinvägsinfektion....
  → Urinary tract infection.
[611/808] Row 498, Column 7: Låg....
  → Low.
[612/808] Row 499, Column 2: Grön...
  → Green
[613/808] Row 499, Column 5: Dosering avs proantocyanidiner....
  → Dosage of proanthocyanidins.
[614/808] Row 499, Column 6: Förhindrar E.coli-fäste....
  → Prevents E.coli adhesion.
[615/808] Row 499, Column 7: Låg....
  → Low.
[616/808] Row 500, Column 2: Grön...
  → Green
[617/808] Row 500, Column 5: Urinvägshälsa....
  → Urinary tract health.
[618/808] Row 500, Column 6: Innehåller PACs (proantocyanidiner)....
  → Contains PACs (proanthocyanidins).
[619/808] Row 500, Column 7: Låg....
  → Low.
[620/808] Row 501, Column 2: Blå...
  → Blue
[621/808] Row 501, Column 5: Hud, fukt, skönhet....
  → Skin, moisture, beauty.
[622/808] Row 501, Column 7: Låg....
  → Low.
[623/808] Row 502, Column 2: Blå...
  → Blue
[624/808] Row 502, Column 6: Ökar lust, ej muskel....
  → Increases desire, not muscle.
[625/808] Row 502, Column 7: Låg....
  → Low.
[626/808] Row 503, Column 2: Grön...
  → Green
[627/808] Row 503, Column 5: Libido (ej testosteron i män)....
  → Libido (not testosterone in men).
[628/808] Row 503, Column 6: Protodioscin är aktivt ämne....
  → Protodioscin is the active ingredient.
[629/808] Row 503, Column 7: Låg....
  → Low.
[630/808] Row 504, Column 2: Grön...
  → Green
[631/808] Row 504, Column 5: Serotonin, sömn....
  → Serotonin, sleep.
[632/808] Row 504, Column 6: Säkrare än 5-HTP (rate-limited)....
  → Safer than 5-HTP (rate-limited).
[633/808] Row 504, Column 7: Låg....
  → Low.
[634/808] Row 505, Column 2: Blå...
  → Blue
[635/808] Row 505, Column 6: Växtsterol, ej androgen....
  → Plant sterol, not androgen.
[636/808] Row 505, Column 7: Låg....
  → Low.
[637/808] Row 506, Column 2: Grön...
  → Green
[638/808] Row 506, Column 5: Cancer-stöd, immun....
  → Cancer support, immune.
[639/808] Row 506, Column 7: Låg....
  → Low.
[640/808] Row 507, Column 2: Grön...
  → Green
[641/808] Row 507, Column 5: Immunstöd (cellgifter)....
  → Immune support (chemotherapy).
[642/808] Row 507, Column 7: Låg....
  → Low.
[643/808] Row 508, Column 2: Grön...
  → Green
[644/808] Row 508, Column 5: Dopamin, fokus vid stress....
  → Dopamine, focus during stress.
[645/808] Row 508, Column 6: Krävs för sköldkörtelhormon....
  → Required for thyroid hormone.
[646/808] Row 508, Column 7: Låg....
  → Low.
[647/808] Row 509, Column 2: Grön...
  → Green
[648/808] Row 509, Column 7: Låg....
  → Low.
[649/808] Row 510, Column 2: Grön...
  → Green
[650/808] Row 510, Column 7: Låg....
  → Low.

  Saving progress... (650/808 translated)
[651/808] Row 511, Column 2: Blå...
  → Blue
[652/808] Row 511, Column 6: Synergi med DHA/Kolin....
  → Synergy with DHA/Choline.
[653/808] Row 511, Column 7: Låg....
  → Low.
[654/808] Row 512, Column 2: Grön...
  → Green
[655/808] Row 512, Column 5: Sömn, oro....
  → Sleep, anxiety.
[656/808] Row 512, Column 7: Låg....
  → Low.
[657/808] Row 513, Column 2: Grön...
  → Green
[658/808] Row 513, Column 5: Sömn, lugnande....
  → Sleep, calming.
[659/808] Row 513, Column 6: Ökar GABA-aktivitet....
  → Increases GABA activity.
[660/808] Row 513, Column 7: Medium. Dåsighet....
  → Medium. Drowsiness.
[661/808] Row 514, Column 2: Blå...
  → Blue
[662/808] Row 514, Column 6: Spårelement....
  → Trace elements.
[663/808] Row 514, Column 7: Medium. Toxiskt i hög dos....
  → Medium. Toxic in high dose.
[664/808] Row 515, Column 2: Grön...
  → Green
[665/808] Row 515, Column 6: Högt i Leucin. Anabolt....
  → High in Leucine. Anabolic.
[666/808] Row 515, Column 7: Låg....
  → Low.
[667/808] Row 516, Column 2: Blå...
  → Blue
[668/808] Row 516, Column 5: Källa till Spermidine....
  → Source of Spermidine.
[669/808] Row 516, Column 6: Cellförnyelse....
  → Cell renewal.
[670/808] Row 516, Column 7: Låg. Gluten?...
  → Low. Gluten?
[671/808] Row 517, Column 2: Grön...
  → Green
[672/808] Row 517, Column 5: Näring, pH-balans....
  → Nutrition, pH balance.
[673/808] Row 517, Column 6: Innehåller enzymer och vitaminer....
  → Contains enzymes and vitamins.
[674/808] Row 517, Column 7: Låg....
  → Low.
[675/808] Row 518, Column 2: Grön...
  → Green
[676/808] Row 518, Column 5: Hjärnans blodflöde....
  → Cerebral blood flow.
[677/808] Row 518, Column 6: Syntetisk från Periwinkle....
  → Synthetic from Periwinkle.
[678/808] Row 518, Column 7: Låg....
  → Low.
[679/808] Row 519, Column 2: Grön...
  → Green
[680/808] Row 519, Column 5: Blodflöde hjärna....
  → Blood flow brain.
[681/808] Row 519, Column 7: Låg....
  → Low.
[682/808] Row 520, Column 2: Grön...
  → Green
[683/808] Row 520, Column 5: Kolhydratblockerare (amylashämmare)....
  → Carbohydrate blockers (amylase inhibitors).
[684/808] Row 520, Column 6: Tas före stärkelserik mat....
  → Take before starchy food.
[685/808] Row 520, Column 7: Låg. Gas/uppblåsthet....
  → Low. Gas/bloating.
[686/808] Row 521, Column 2: Grön...
  → Green
[687/808] Row 521, Column 6: Hämmar alfa-amylas....
  → Inhibits alpha-amylase.
[688/808] Row 521, Column 7: Låg. Gaser....
  → Low. Gases.
[689/808] Row 522, Column 2: Grön...
  → Green
[690/808] Row 522, Column 5: Hudcell-omsättning, akne....
  → Skin cell turnover, acne.
[691/808] Row 522, Column 6: Retinol (animaliskt) bäst....
  → Retinol (animal) is best.
[692/808] Row 522, Column 7: Medium. Graviditet (maxdos)....
  → Medium. Pregnancy (max dose).
[693/808] Row 523, Column 2: Grön...
  → Green
[694/808] Row 523, Column 6: Vattenlöslig....
  → Water-soluble.
[695/808] Row 523, Column 7: Låg....
  → Low.
[696/808] Row 524, Column 2: Blå...
  → Blue
[697/808] Row 524, Column 6: Bra för energi/Krebs-cykeln....
  → Good for energy/Krebs cycle.
[698/808] Row 524, Column 7: Låg....
  → Low.
[699/808] Row 525, Column 2: Grön...
  → Green
[700/808] Row 525, Column 6: Sämre upptag än metyl/adeno....
  → Worse absorption than methyl/adeno.

  Saving progress... (700/808 translated)
[701/808] Row 525, Column 7: Låg....
  → Low.
[702/808] Row 526, Column 2: Grön...
  → Green
[703/808] Row 526, Column 5: Aktiv form, bra för nervhälsa....
  → Active form, good for nerve health.
[704/808] Row 526, Column 6: Sublingualt upptag är effektivt....
  → Sublingual absorption is effective.
[705/808] Row 526, Column 7: Låg....
  → Low.
[706/808] Row 527, Column 2: Grön...
  → Green
[707/808] Row 527, Column 5: Energi, migrän (hög dos)....
  → Energy, migraine (high dose).
[708/808] Row 527, Column 6: Färgar urin neongul....
  → Colors urine neon yellow.
[709/808] Row 527, Column 7: Låg....
  → Low.
[710/808] Row 528, Column 2: Grön...
  → Green
[711/808] Row 528, Column 7: Medium. Leverpåverkan vid extrem dos....
  → Medium. Liver impact at extreme dose.
[712/808] Row 529, Column 2: Grön...
  → Green
[713/808] Row 529, Column 6: Vattenlöslig....
  → Water-soluble.
[714/808] Row 529, Column 7: Låg....
  → Low.
[715/808] Row 530, Column 2: Grön...
  → Green
[716/808] Row 530, Column 5: Immunförsvar, kortisol, kollagen....
  → Immune system, cortisol, collagen.
[717/808] Row 530, Column 6: Vattenlöslig, överskott kissas ut....
  → Water-soluble, excess is excreted in urine.
[718/808] Row 530, Column 7: Låg. Diarré vid hög dos....
  → Low. Diarrhea at high dose.
[719/808] Row 531, Column 2: Grön...
  → Green
[720/808] Row 531, Column 7: Låg....
  → Low.
[721/808] Row 532, Column 2: Grön...
  → Green
[722/808] Row 532, Column 5: Tas med K2 vid högre doser....
  → Taken with K2 at higher doses.
[723/808] Row 532, Column 6: Fettlösligt, tas med mat....
  → Fat-soluble, taken with food.
[724/808] Row 532, Column 7: Låg. Överdos kan ge hyperkalcemi....
  → Low. Overdose may cause hypercalcemia.
[725/808] Row 533, Column 2: Grön...
  → Green
[726/808] Row 533, Column 7: Låg....
  → Low.
[727/808] Row 534, Column 2: Grön...
  → Green
[728/808] Row 534, Column 6: Välj blandade tokoferoler (ej bara alfa)....
  → Choose mixed tocopherols (not just alpha).
[729/808] Row 534, Column 7: Medium. Blodförtunnande....
  → Medium. Blood thinner.
[730/808] Row 535, Column 2: Grön...
  → Green
[731/808] Row 535, Column 5: Artärstelhet....
  → Arterial stiffness.
[732/808] Row 535, Column 6: Förhindrar kalcium i kärl....
  → Prevents calcium in vessels.
[733/808] Row 535, Column 7: Medium. Waran....
  → Medium. Warfarin.
[734/808] Row 536, Column 2: Grön...
  → Green
[735/808] Row 536, Column 5: Viktig för att rikta kalcium till skelettet....
  → Important for directing calcium to the skeleton.
[736/808] Row 536, Column 6: Fettlösligt. Lång halveringstid....
  → Fat-soluble. Long half-life.
[737/808] Row 536, Column 7: Medium. Interagerar med Waran....
  → Medium. Interacts with Warfarin.
[738/808] Row 537, Column 2: Grön...
  → Green
[739/808] Row 537, Column 5: Immun, hjärta....
  → Immune, heart.
[740/808] Row 537, Column 6: Allicin är aktivt....
  → Allicin is active.
[741/808] Row 537, Column 7: Låg....
  → Low.
[742/808] Row 538, Column 2: Grön...
  → Green
[743/808] Row 538, Column 5: Blodtryck, immunförsvar....
  → Blood pressure, immune system.
[744/808] Row 538, Column 6: Standardiserad för Allicin-innehåll....
  → Standardized for Allicin content.
[745/808] Row 538, Column 7: Låg. Blodförtunnande....
  → Low. Anticoagulant.
[746/808] Row 539, Column 2: Grön...
  → Green
[747/808] Row 539, Column 7: Låg....
  → Low.
[748/808] Row 540, Column 2: Grön...
  → Green
[749/808] Row 540, Column 5: Smärta (Salicin)....
  → Pain (Salicin).
[750/808] Row 540, Column 7: Medium. Magsår? Salicylat....
  → Medium. Stomach ulcer? Salicylate.

  Saving progress... (750/808 translated)
[751/808] Row 541, Column 2: Grön...
  → Green
[752/808] Row 541, Column 7: Låg....
  → Low.
[753/808] Row 542, Column 2: Blå...
  → Blue
[754/808] Row 542, Column 6: Diosgenin (kräver labbomvandling)....
  → Diosgenin (requires lab conversion).
[755/808] Row 542, Column 7: Låg. Placebo?...
  → Low. Placebo?
[756/808] Row 543, Column 2: Grön...
  → Green
[757/808] Row 543, Column 6: Innehåller koffein/teobromin....
  → Contains caffeine/theobromine.
[758/808] Row 543, Column 7: Låg....
  → Low.
[759/808] Row 544, Column 2: Grön...
  → Green
[760/808] Row 544, Column 5: Fettförbränning (alfa-2 antagonist)....
  → Fat burning (alpha-2 antagonist).
[761/808] Row 544, Column 6: Kan ge ångest/hjärtklappning....
  → May cause anxiety/palpitations.
[762/808] Row 544, Column 7: Hög. Dosera försiktigt!...
  → High. Dose cautiously!
[763/808] Row 545, Column 2: Grön...
  → Green
[764/808] Row 545, Column 5: Erektion, fettförbränning....
  → Erection, fat burning.
[765/808] Row 545, Column 7: Hög. Ångest/Hjärta....
  → High. Anxiety/Heart.
[766/808] Row 546, Column 2: Grön...
  → Green
[767/808] Row 546, Column 5: Hudläkning, akne, hormoner....
  → Skin healing, acne, hormones.
[768/808] Row 546, Column 6: Pikolinat/Glycinat bäst....
  → Picolinate/Glycinate best.
[769/808] Row 546, Column 7: Låg. Kopparbalans....
  → Low. Copper balance.
[770/808] Row 547, Column 2: Grön...
  → Green
[771/808] Row 547, Column 7: Låg....
  → Low.
[772/808] Row 548, Column 2: Grön...
  → Green
[773/808] Row 548, Column 7: Låg....
  → Low.
[774/808] Row 549, Column 2: Grön...
  → Green
[775/808] Row 549, Column 6: Viktig för mannens hälsa....
  → Important for men's health.
[776/808] Row 549, Column 7: Medium. Kopparbrist....
  → Medium. Copper deficiency.
[777/808] Row 550, Column 2: Grön...
  → Green
[778/808] Row 550, Column 7: Låg....
  → Low.
[779/808] Row 552, Column 2: Grön...
  → Green
[780/808] Row 552, Column 7: Låg....
  → Low.
[781/808] Row 553, Column 2: Grön...
  → Green
[782/808] Row 553, Column 5: Specifikt för maghälsa/slemhinnor....
  → Specific for gut health/mucous membranes.
[783/808] Row 553, Column 6: Löses långsamt i magen för lokal effekt....
  → Dissolves slowly in the stomach for local effect.
[784/808] Row 553, Column 7: Låg....
  → Low.
[785/808] Row 554, Column 2: Grön...
  → Green
[786/808] Row 554, Column 5: Balansera med koppar vid långtidsbruk....
  → Balance with copper during long-term use.
[787/808] Row 554, Column 6: Pikolinat har utmärkt upptag....
  → Picolinate has excellent absorption.
[788/808] Row 554, Column 7: Medium. Kan hämma kopparupptag....
  → Medium. May inhibit copper absorption.
[789/808] Row 555, Column 2: Grön...
  → Green
[790/808] Row 555, Column 5: Sömn, återhämtning....
  → Sleep, recovery.
[791/808] Row 555, Column 6: Populär stack....
  → Popular stack.
[792/808] Row 555, Column 7: Låg....
  → Low.
[793/808] Row 556, Column 2: Grön...
  → Green
[794/808] Row 556, Column 5: Kiselkälla....
  → Silica source.
[795/808] Row 556, Column 6: Ofta i hårkomplex....
  → Often in hair complex.
[796/808] Row 556, Column 7: Låg....
  → Low.
[797/808] Row 557, Column 2: Grön...
  → Green
[798/808] Row 557, Column 5: Medelsnabbt, hög BV....
  → Moderately fast, high BV.
[799/808] Row 557, Column 7: Låg....
  → Low.
[800/808] Row 558, Column 2: Grön...
  → Green

  Saving progress... (800/808 translated)
[801/808] Row 558, Column 5: Blodsocker, matsmältning....
  → Blood sugar, digestion.
[802/808] Row 558, Column 7: Låg....
  → Low.
[803/808] Row 559, Column 2: Grön...
  → Green
[804/808] Row 559, Column 6: Ättiksyra....
  → Acetic acid.
[805/808] Row 559, Column 7: Låg....
  → Low.
[806/808] Row 560, Column 2: Grön...
  → Green
[807/808] Row 560, Column 6: Högt i Arginin....
  → High in Arginine.
[808/808] Row 560, Column 7: Låg....
  → Low.

Saving final version...

✅ Complete! Translated 808 cells.
✅ Updated only the specific cells in supplements-english.csv
