Reading supplements-english.csv...

Found 1315 cells that need translation
Translating only these specific cells...

[1/1315] Row 5, Column 7: Medium....
[2/1315] Row 6, Column 7: Medium. Teratogen during pregnancy (high dose)....
[3/1315] Row 10, Column 7: Medium. Liver values....
[4/1315] Row 14, Column 5: Acute detox, gases....
[5/1315] Row 14, Column 6: Binds everything (including medicine/nutrition)....
[6/1315] Row 14, Column 7: Medium. Do not take with food/medication....
[7/1315] Row 16, Column 6: The R-form is natural/bioavailable....
[8/1315] Row 16, Column 7: Medium. Lowers blood sugar....
[9/1315] Row 27, Column 7: Medium. Not for chronic inflammation....
[10/1315] Row 28, Column 6: Questionable bioavailability....
[11/1315] Row 29, Column 6: "Somnifera" means sleep-inducing....
[12/1315] Row 30, Column 7: Medium. May affect thyroid/sedative....
[13/1315] Row 38, Column 7: Low. May cause gastrointestinal discomfort/fatigue....
[14/1315] Row 42, Column 7: Medium. Interacts with CYP enzyme....
[15/1315] Row 43, Column 7: Medium....
[16/1315] Row 44, Column 7: Medium....
[17/1315] Row 47, Column 7: Medium. Not for use in case of stomach ulcers....
[18/1315] Row 48, Column 7: Medium. Does not burn if not needed....
[19/1315] Row 53, Column 7: Medium. Affects medication absorption....
[20/1315] Row 55, Column 7: Low. Lab test interference....
[21/1315] Row 58, Column 5: Urinary tract, detox....
[22/1315] Row 66, Column 6: High bioavailability of AKBA....
[23/1315] Row 68, Column 5: Detox, hormone balance....
[24/1315] Row 72, Column 6: Root (not the leaves) for prostate....
[25/1315] Row 78, Column 5: "Intellect Tree", memory....
[26/1315] Row 81, Column 5: Chlorophyll, detox....
[27/1315] Row 81, Column 6: Must have 'broken cell wall'....
[28/1315] Row 85, Column 6: Very good bioavailability....
[29/1315] Row 93, Column 6: Phytosome/Piperine is required....
[30/1315] Row 93, Column 7: Medium. Blood-thinning....
[31/1315] Row 94, Column 7: Medium. Blood thinner....
[32/1315] Row 110, Column 6: Only in case of confirmed deficiency (age)....
[33/1315] Row 116, Column 7: Medium. Blood-thinning....
[34/1315] Row 134, Column 5: Immediate ketosis, brain energy....
[35/1315] Row 138, Column 7: Medium. Short-term effect....
[36/1315] Row 141, Column 5: High dose in short intervals (senolytic)....
[37/1315] Row 141, Column 6: Taken with fat. Low bioavailability....
[38/1315] Row 144, Column 7: Medium. Liver toxicity?...
[39/1315] Row 158, Column 6: Alzheimer's medication (also supplements)....
[40/1315] Row 158, Column 7: Medium. Nausea....
[41/1315] Row 160, Column 7: Medium. Bleeding....
[42/1315] Row 161, Column 7: Medium. Blood-thinning....
[43/1315] Row 162, Column 7: Medium. Bleeding....
[44/1315] Row 163, Column 6: Nitric oxide mediator....
[45/1315] Row 170, Column 6: The sulfa form has the best evidence....
[46/1315] Row 172, Column 5: Skin lightening, detox....
[47/1315] Row 172, Column 6: Liposome best....
[48/1315] Row 173, Column 6: Immunförsvarets bränsle....
  → Fuel for the immune system.
[49/1315] Row 173, Column 7: Låg....
  → Low.
[50/1315] Row 174, Column 2: Grön...
  → Green

  Saving progress... (50/1315 translated)
[51/1315] Row 174, Column 6: Binder vätska i muskeln....
  → Binds fluid in the muscle.
[52/1315] Row 174, Column 7: Låg. Klumpar sig i pulver....
  → Low. Clumps in powder.
[53/1315] Row 175, Column 2: Grön...
  → Green
[54/1315] Row 175, Column 5: Sömnkvalitet, kollagenbyggsten....
  → Sleep quality, collagen building block.
[55/1315] Row 175, Column 6: Söt smak, tas vid sänggående....
  → Sweet taste, taken at bedtime.
[56/1315] Row 175, Column 7: Låg....
  → Low.
[57/1315] Row 176, Column 2: Grön...
  → Green
[58/1315] Row 176, Column 5: Sömnkvalitet....
  → Sleep quality.
[59/1315] Row 176, Column 6: Sänker kroppstemp....
  → Lowers body temperature.
[60/1315] Row 176, Column 7: Låg....
  → Low.
[61/1315] Row 177, Column 2: Grön...
  → Green
[62/1315] Row 177, Column 5: Ögon, immunförsvar....
  → Eyes, immune system.
[63/1315] Row 177, Column 6: Rik på zeaxantin....
  → Rich in zeaxanthin.
[64/1315] Row 177, Column 7: Låg....
  → Low.
[65/1315] Row 178, Column 2: Grön...
  → Green
[66/1315] Row 178, Column 5: Hud, ångest, cirkulation....
  → Skin, anxiety, circulation.
[67/1315] Row 178, Column 6: Ökar kollagensyntes....
  → Increases collagen synthesis.
[68/1315] Row 178, Column 7: Låg....
  → Low.
[69/1315] Row 179, Column 2: Blå...
  → Blue
[70/1315] Row 179, Column 7: Låg....
  → Low.
[71/1315] Row 180, Column 2: Grön...
  → Green
[72/1315] Row 180, Column 6: Krydda från ingefärsfamiljen....
  → Spice from the ginger family.
[73/1315] Row 180, Column 7: Låg....
  → Low.
[74/1315] Row 181, Column 2: Grön...
  → Green
[75/1315] Row 181, Column 5: Hjärta, blodflöde, ellagsyra....
  → Heart, blood flow, ellagic acid.
[76/1315] Row 181, Column 6: Kan omvandlas till Urolithin A....
  → Can be converted to Urolithin A.
[77/1315] Row 181, Column 7: Låg....
  → Low.
[78/1315] Row 182, Column 2: Blå...
  → Blue
[79/1315] Row 182, Column 6: Kontroversiell (konserveringsmedel?)....
  → Controversial (preservative?).
[80/1315] Row 182, Column 7: Medium. CYP3A4-hämmare....
  → Medium. CYP3A4 inhibitor.
[81/1315] Row 183, Column 2: Grön...
  → Green
[82/1315] Row 183, Column 6: Lågt koffein....
  → Low caffeine.
[83/1315] Row 183, Column 7: Låg....
  → Low.
[84/1315] Row 184, Column 2: Grön...
  → Green
[85/1315] Row 184, Column 7: Låg....
  → Low.
[86/1315] Row 185, Column 2: Blå...
  → Blue
[87/1315] Row 185, Column 7: Låg....
  → Low.
[88/1315] Row 186, Column 2: Grön...
  → Green
[89/1315] Row 186, Column 7: Låg....
  → Low.
[90/1315] Row 187, Column 2: Grön...
  → Green
[91/1315] Row 187, Column 5: Fettförbränning, antioxidant....
  → Fat burning, antioxidant.
[92/1315] Row 187, Column 6: Kan påverka levern i extrem dos....
  → Can affect the liver in extreme doses.
[93/1315] Row 187, Column 7: Medium. Levertoxicitet (sällsynt)....
  → Medium. Liver toxicity (rare).
[94/1315] Row 188, Column 2: Grön...
  → Green
[95/1315] Row 188, Column 7: Låg....
  → Low.
[96/1315] Row 189, Column 2: Grön...
  → Green
[97/1315] Row 189, Column 5: Naturligt koffein (långsamt)....
  → Natural caffeine (slow-release).
[98/1315] Row 189, Column 6: Frisläpps långsammare än syntetiskt....
  → Released more slowly than synthetic.
[99/1315] Row 189, Column 7: Låg....
  → Low.
[100/1315] Row 190, Column 2: Blå...
  → Blue

  Saving progress... (100/1315 translated)
[101/1315] Row 190, Column 5: Njurar, urinvägar....
  → Kidneys, urinary tract.
[102/1315] Row 190, Column 7: Låg....
  → Low.
[103/1315] Row 191, Column 2: Blå...
  → Blue
[104/1315] Row 191, Column 6: Svårupptagen utan svartpeppar/fett....
  → Poorly absorbed without black pepper/fat.
[105/1315] Row 191, Column 7: Låg....
  → Low.
[106/1315] Row 192, Column 2: Blå...
  → Blue
[107/1315] Row 192, Column 6: Regenerera betaceller?...
  → Regenerate beta cells?
[108/1315] Row 192, Column 7: Låg....
  → Low.
[109/1315] Row 193, Column 2: Grön...
  → Green
[110/1315] Row 193, Column 5: Sockerbegär, blodsocker....
  → Sugar cravings, blood sugar.
[111/1315] Row 193, Column 7: Låg....
  → Low.
[112/1315] Row 194, Column 2: Grön...
  → Green
[113/1315] Row 194, Column 5: Hjärtsvikt, blodtryck....
  → Heart failure, blood pressure.
[114/1315] Row 194, Column 6: Ökar kontraktilitet....
  → Increases contractility.
[115/1315] Row 194, Column 7: Medium. Digoxin-interaktion....
  → Medium. Digoxin interaction.
[116/1315] Row 195, Column 2: Blå...
  → Blue
[117/1315] Row 195, Column 5: Livmoderhälsa....
  → Uterine health.
[118/1315] Row 195, Column 6: Traditionell "gravidte"....
  → Traditional "pregnancy tea."
[119/1315] Row 195, Column 7: Låg....
  → Low.
[120/1315] Row 196, Column 2: Blå...
  → Blue
[121/1315] Row 196, Column 5: Fettförbränning....
  → Fat burning.
[122/1315] Row 196, Column 7: Låg....
  → Low.
[123/1315] Row 197, Column 2: Grön...
  → Green
[124/1315] Row 197, Column 6: Lägre proteinhalt....
  → Lower protein content.
[125/1315] Row 197, Column 7: Låg....
  → Low.
[126/1315] Row 198, Column 2: Grön...
  → Green
[127/1315] Row 198, Column 6: Bra för ögon/underliv....
  → Good for eyes/genitals.
[128/1315] Row 198, Column 7: Låg....
  → Low.
[129/1315] Row 199, Column 2: Grön...
  → Green
[130/1315] Row 199, Column 6: Ofta i citrusbioflavonoider....
  → Often in citrus bioflavonoids.
[131/1315] Row 199, Column 7: Låg....
  → Low.
[132/1315] Row 200, Column 2: Grön...
  → Green
[133/1315] Row 200, Column 6: Fungerar som mild ACE-hämmare....
  → Acts as a mild ACE inhibitor.
[134/1315] Row 200, Column 7: Låg. Lågt blodtryck?...
  → Low. Low blood pressure?
[135/1315] Row 201, Column 2: Grön...
  → Green
[136/1315] Row 201, Column 6: ACE-hämmande effekt?...
  → ACE-inhibitory effect?
[137/1315] Row 201, Column 7: Låg....
  → Low.
[138/1315] Row 202, Column 2: Blå...
  → Blue
[139/1315] Row 202, Column 5: Beta-2 agonist, luftvägar....
  → Beta-2 agonist, airways.
[140/1315] Row 202, Column 6: WADA-förbjuden!...
  → WADA prohibited!
[141/1315] Row 202, Column 7: Medium. Hjärtklappning....
  → Medium. Palpitations.
[142/1315] Row 203, Column 2: Grön...
  → Green
[143/1315] Row 203, Column 5: Antikatabolt. Bra vid diet/skada....
  → Anticatabolic. Good for diet/injury.
[144/1315] Row 203, Column 6: Kalciumsalt eller fri syra....
  → Calcium salt or free acid.
[145/1315] Row 203, Column 7: Låg....
  → Low.
[146/1315] Row 204, Column 2: Grön...
  → Green
[147/1315] Row 204, Column 5: Stress, sömn....
  → Stress, sleep.
[148/1315] Row 204, Column 7: Låg....
  → Low.
[149/1315] Row 205, Column 2: Blå...
  → Blue
[150/1315] Row 205, Column 5: MAO-B hämmare, fettförbränning....
  → MAO-B inhibitor, fat burning.

  Saving progress... (150/1315 translated)
[151/1315] Row 205, Column 6: Förlänger effekt av PEA/stimulanter....
  → Prolongs the effect of PEA/stimulants.
[152/1315] Row 205, Column 7: Medium....
[153/1315] Row 206, Column 2: Grön...
  → Green
[154/1315] Row 206, Column 5: Libido, PDE5-hämmare (svag)....
  → Libido, PDE5 inhibitors (weak).
[155/1315] Row 206, Column 6: Standardisera för Icariin....
  → Standardize for Icariin.
[156/1315] Row 206, Column 7: Låg....
  → Low.
[157/1315] Row 207, Column 2: Blå...
  → Blue
[158/1315] Row 207, Column 6: Icariin är aktivt ämne....
  → Icariin is the active substance.
[159/1315] Row 207, Column 7: Låg....
  → Low.
[160/1315] Row 208, Column 2: Grön...
  → Green
[161/1315] Row 208, Column 5: Sömn, sedativ....
  → Sleep, sedative.
[162/1315] Row 208, Column 6: Ofta med Valeriana....
  → Often with Valerian.
[163/1315] Row 208, Column 7: Låg....
  → Low.
[164/1315] Row 209, Column 2: Blå...
  → Blue
[165/1315] Row 209, Column 5: Sömn....
  → Sleep.
[166/1315] Row 209, Column 7: Låg....
  → Low.
[167/1315] Row 210, Column 2: Grön...
  → Green
[168/1315] Row 210, Column 5: Minne, acetylkolinesterashämmare....
  → Memory, acetylcholinesterase inhibitors.
[169/1315] Row 210, Column 6: Cykla för att undvika tolerans....
  → Cycle to avoid tolerance.
[170/1315] Row 210, Column 7: Låg. Kolinerga biverkningar....
  → Low. Cholinergic side effects.
[171/1315] Row 211, Column 2: Grön...
  → Green
[172/1315] Row 211, Column 6: AChE-hämmare....
  → AChE inhibitor.
[173/1315] Row 211, Column 7: Låg....
  → Low.
[174/1315] Row 212, Column 2: Grön...
  → Green
[175/1315] Row 212, Column 7: Låg....
  → Low.
[176/1315] Row 213, Column 2: Grön...
  → Green
[177/1315] Row 213, Column 5: Ledvätska....
  → Joint fluid.
[178/1315] Row 213, Column 7: Låg....
  → Low.
[179/1315] Row 214, Column 2: Grön...
  → Green
[180/1315] Row 214, Column 5: Hudfuktighet, ledvätska....
  → Skin moisture, joint fluid.
[181/1315] Row 214, Column 6: Hög molekylvikt kan vara svårabsorberad....
  → High molecular weight may be poorly absorbed.
[182/1315] Row 214, Column 7: Låg....
  → Low.
[183/1315] Row 215, Column 2: Grön...
  → Green
[184/1315] Row 215, Column 5: Prekursor till DIM....
  → Precursor to DIM.
[185/1315] Row 215, Column 6: Mindre stabil än DIM....
  → Less stable than DIM.
[186/1315] Row 215, Column 7: Låg....
  → Low.
[187/1315] Row 216, Column 2: Grön...
  → Green
[188/1315] Row 216, Column 5: Östrogenmetabolism....
  → Estrogen metabolism.
[189/1315] Row 216, Column 6: Prekursor till DIM....
  → Precursor to DIM.
[190/1315] Row 216, Column 7: Låg....
  → Low.
[191/1315] Row 217, Column 2: Grön...
  → Green
[192/1315] Row 217, Column 5: Illamående, matsmältning....
  → Nausea, digestion.
[193/1315] Row 217, Column 6: Prokinetisk (tömmer magen)....
  → Prokinetic (empties the stomach).
[194/1315] Row 217, Column 7: Låg....
  → Low.
[195/1315] Row 218, Column 2: Grön...
  → Green
[196/1315] Row 218, Column 5: Ledvärk....
  → Joint pain.
[197/1315] Row 218, Column 6: Liknar NSAID (COX-hämmare)....
  → Similar to NSAIDs (COX inhibitors).
[198/1315] Row 218, Column 7: Låg....
  → Low.
[199/1315] Row 219, Column 2: Grön...
  → Green
[200/1315] Row 219, Column 5: Illamående, inflammation, matsmältning....
  → Nausea, inflammation, digestion.

  Saving progress... (200/1315 translated)
[201/1315] Row 219, Column 6: Gingeroler är aktiva ämnet....
  → Gingerols are the active compounds.
[202/1315] Row 219, Column 7: Låg. Blodförtunnande vid hög dos....
  → Low. Anticoagulant at high dose.
[203/1315] Row 220, Column 2: Grön...
  → Green
[204/1315] Row 220, Column 5: Panikångest, OCD....
  → Panic anxiety, OCD.
[205/1315] Row 220, Column 6: Höga doser krävs....
  → High doses are required.
[206/1315] Row 220, Column 7: Låg. Mage....
  → Low. Stomach.
[207/1315] Row 221, Column 2: Grön...
  → Green
[208/1315] Row 221, Column 5: Insulinkänslighet (PCOS)....
  → Insulin sensitivity (PCOS).
[209/1315] Row 221, Column 7: Låg....
  → Low.
[210/1315] Row 222, Column 2: Blå...
  → Blue
[211/1315] Row 222, Column 5: Immunförsvar, cellhälsa....
  → Immune defense, cell health.
[212/1315] Row 222, Column 6: Kelaterar mineraler (ta på tom mage)....
  → Chelates minerals (take on an empty stomach).
[213/1315] Row 222, Column 7: Låg....
  → Low.
[214/1315] Row 223, Column 2: Grön...
  → Green
[215/1315] Row 223, Column 5: PCOS, insulinkänslighet, ångest....
  → PCOS, insulin sensitivity, anxiety.
[216/1315] Row 223, Column 7: Låg. Hög dos kan ge lös mage....
  → Low. High dose may cause loose stools.
[217/1315] Row 224, Column 2: Grön...
  → Green
[218/1315] Row 224, Column 6: Kan ge gaser (FODMAP)....
  → May cause gas (FODMAP).
[219/1315] Row 224, Column 7: Låg....
  → Low.
[220/1315] Row 225, Column 2: Grön...
  → Green
[221/1315] Row 225, Column 5: IQ (vid brist)....
  → IQ (in case of deficiency).
[222/1315] Row 225, Column 6: Sköldkörtel -> Hjärna....
  → Thyroid -> Brain.
[223/1315] Row 225, Column 7: Medium....
[224/1315] Row 226, Column 2: Grön...
  → Green
[225/1315] Row 226, Column 5: Sköldkörtelfunktion....
  → Thyroid function.
[226/1315] Row 226, Column 6: Var försiktig vid autoimmun tyreoidit....
  → Be cautious with autoimmune thyroiditis.
[227/1315] Row 226, Column 7: Medium. Sköldkörtelbalans....
  → Medium. Thyroid balance.
[228/1315] Row 227, Column 2: Grön...
  → Green
[229/1315] Row 227, Column 6: Många läkemedelsinteraktioner (CYP3A4)....
  → Many drug interactions (CYP3A4).
[230/1315] Row 227, Column 7: Hög. P-piller, antidepressiva....
  → High. Birth control pills, antidepressants.
[231/1315] Row 228, Column 2: Grön...
  → Green
[232/1315] Row 228, Column 7: Hög. Läkemedelsinteraktion!...
  → High. Drug interaction!
[233/1315] Row 229, Column 2: Blå...
  → Blue
[234/1315] Row 229, Column 5: Tålig probiotika (sporform)....
  → Resilient probiotic (spore form).
[235/1315] Row 229, Column 7: Låg....
  → Low.
[236/1315] Row 230, Column 2: Grön...
  → Green
[237/1315] Row 230, Column 6: Ersätter förlust....
  → Replaces loss.
[238/1315] Row 230, Column 7: Medium. Magen....
  → Medium. The stomach.
[239/1315] Row 231, Column 2: Grön...
  → Green
[240/1315] Row 231, Column 5: Kognition (vid brist)....
  → Cognition (in deficiency).
[241/1315] Row 231, Column 7: Medium....
[242/1315] Row 232, Column 2: Grön...
  → Green
[243/1315] Row 232, Column 5: Blodvärde, energi....
  → Blood value, energy.
[244/1315] Row 232, Column 6: Skonsam mot magen. Endast vid brist!...
  → Gentle on the stomach. Only in case of deficiency!
[245/1315] Row 232, Column 7: Hög. Oxidativ stress vid överskott....
  → High. Oxidative stress in excess.
[246/1315] Row 233, Column 2: Grön...
  → Green
[247/1315] Row 233, Column 5: Animaliskt järn, bäst upptag....
  → Animal iron, best absorption.
[248/1315] Row 233, Column 6: Färre magbiverkningar....
  → Fewer gastrointestinal side effects.
[249/1315] Row 233, Column 7: Medium. Överdosrisk....
  → Medium. Overdose risk.
[250/1315] Row 234, Column 2: Grön...
  → Green

  Saving progress... (250/1315 translated)
[251/1315] Row 234, Column 6: Hård mot magen....
  → Hard on the stomach.
[252/1315] Row 234, Column 7: Hög. Toxiskt för barn....
  → High. Toxic for children.
[253/1315] Row 235, Column 2: Grön...
  → Green
[254/1315] Row 235, Column 5: PMS, bröstömhet, hud....
  → PMS, breast tenderness, skin.
[255/1315] Row 235, Column 7: Låg....
  → Low.
[256/1315] Row 236, Column 2: Grön...
  → Green
[257/1315] Row 236, Column 5: Benskörhet (kvinnor)....
  → Osteoporosis (women).
[258/1315] Row 236, Column 6: Kombinera med D3/K2....
  → Combine with D3/K2.
[259/1315] Row 236, Column 7: Medium. Kärlrisk?...
  → Medium. Vascular risk?
[260/1315] Row 237, Column 2: Grön...
  → Green
[261/1315] Row 237, Column 5: Benhälsa....
  → Bone health.
[262/1315] Row 237, Column 6: Tas upp oberoende av magsyra....
  → Taken regardless of stomach acid.
[263/1315] Row 237, Column 7: Medium. Risk för kärlförkalkning utan K2....
  → Medium. Risk of vascular calcification without K2.
[264/1315] Row 238, Column 2: Grön...
  → Green
[265/1315] Row 238, Column 5: Benhälsa....
  → Bone health.
[266/1315] Row 238, Column 6: Tas med mat (kräver syra)....
  → Taken with food (requires acid).
[267/1315] Row 238, Column 7: Medium. Förstoppning....
  → Medium. Constipation.
[268/1315] Row 239, Column 2: Blå...
  → Blue
[269/1315] Row 239, Column 5: Förlänger 'healthspan', sänker biologisk ålder....
  → Extends 'healthspan', lowers biological age.
[270/1315] Row 239, Column 6: Fördröjd frisättning (sustained release) bäst....
  → Delayed release (sustained release) is best.
[271/1315] Row 239, Column 7: Låg....
  → Low.
[272/1315] Row 240, Column 2: Blå...
  → Blue
[273/1315] Row 240, Column 5: Detox av östrogen/toxiner....
  → Detox of estrogen/toxins.
[274/1315] Row 240, Column 6: Hämmar beta-glukuronidas....
  → Inhibits beta-glucuronidase.
[275/1315] Row 240, Column 7: Låg. Kan öka utsöndring av medicin....
  → Low. May increase excretion of medication.
[276/1315] Row 241, Column 2: Blå...
  → Blue
[277/1315] Row 241, Column 5: Östrogen-detox....
  → Estrogen detox.
[278/1315] Row 241, Column 7: Låg....
  → Low.
[279/1315] Row 242, Column 2: Grön...
  → Green
[280/1315] Row 242, Column 6: Låg dos i tillskott pga säkerhetsrisk....
  → Low dose in supplements due to safety risk.
[281/1315] Row 242, Column 7: Medium. Hjärtrisk vid njursvikt....
  → Medium. Heart risk in renal failure.
[282/1315] Row 243, Column 2: Grön...
  → Green
[283/1315] Row 243, Column 6: Via kost bäst (tillskott låg dos)....
  → Via diet best (supplement low dose).
[284/1315] Row 243, Column 7: Medium. Njurproblem?...
  → Medium. Kidney problems?
[285/1315] Row 244, Column 2: Grön...
  → Green
[286/1315] Row 244, Column 5: Oro, sömn....
  → Anxiety, sleep.
[287/1315] Row 244, Column 7: Låg....
  → Low.
[288/1315] Row 245, Column 2: Grön...
  → Green
[289/1315] Row 245, Column 5: Sömn, lugnande....
  → Sleep, calming.
[290/1315] Row 245, Column 6: Standardiserad för apigenin....
  → Standardized for apigenin.
[291/1315] Row 245, Column 7: Låg....
  → Low.
[292/1315] Row 246, Column 2: Grön...
  → Green
[293/1315] Row 246, Column 6: Insulin-känslighet....
  → Insulin sensitivity.
[294/1315] Row 246, Column 7: Låg....
  → Low.
[295/1315] Row 247, Column 2: Grön...
  → Green
[296/1315] Row 247, Column 6: Välj Ceylon för lågt kumarin....
  → Choose Ceylon for low coumarin.
[297/1315] Row 247, Column 7: Låg....
  → Low.
[298/1315] Row 248, Column 2: Blå...
  → Blue
[299/1315] Row 248, Column 5: Candida, tarmhälsa....
  → Candida, gut health.
[300/1315] Row 248, Column 6: Fettsyra från kokos....
  → Fatty acid from coconut.

  Saving progress... (300/1315 translated)
[301/1315] Row 248, Column 7: Låg....
  → Low.
[302/1315] Row 249, Column 2: Grön...
  → Green
[303/1315] Row 249, Column 5: Hjärthälsa (angina)....
  → Heart health (angina).
[304/1315] Row 249, Column 6: Energiproduktion hjärta....
  → Energy production heart.
[305/1315] Row 249, Column 7: Låg. TMAO?...
  → Low. TMAO?
[306/1315] Row 250, Column 2: Grön...
  → Green
[307/1315] Row 250, Column 5: Fettförbränning....
  → Fat burning.
[308/1315] Row 250, Column 7: Låg....
  → Low.
[309/1315] Row 251, Column 2: Grön...
  → Green
[310/1315] Row 251, Column 5: Långsamt protein (natt)....
  → Slow protein (night).
[311/1315] Row 251, Column 7: Låg. Mjölkallergi?...
  → Low. Milk allergy?
[312/1315] Row 252, Column 2: Blå...
  → Blue
[313/1315] Row 252, Column 5: Grått hår (H2O2-nedbrytning)....
  → Gray hair (H2O2 breakdown).
[314/1315] Row 252, Column 7: Låg....
  → Low.
[315/1315] Row 253, Column 2: Grön...
  → Green
[316/1315] Row 253, Column 5: Stark ångestdämpning....
  → Strong anxiolytic effect.
[317/1315] Row 253, Column 6: Kavalaktoner. Leverrisk vid missbruk....
  → Kavalactones. Liver risk with abuse.
[318/1315] Row 253, Column 7: Medium. Ej med alkohol....
  → Medium. Do not take with alcohol.
[319/1315] Row 254, Column 2: Blå...
  → Blue
[320/1315] Row 254, Column 5: Hårstruktur....
  → Hair structure.
[321/1315] Row 254, Column 6: Cynatine HNS är varumärke....
  → Cynatine HNS is a trademark.
[322/1315] Row 254, Column 7: Låg....
  → Low.
[323/1315] Row 255, Column 2: Grön...
  → Green
[324/1315] Row 255, Column 5: Hår/nagel-styrka....
  → Hair/nail strength.
[325/1315] Row 255, Column 6: Rikare än åkerfräken....
  → Richer than horsetail.
[326/1315] Row 255, Column 7: Låg....
  → Low.
[327/1315] Row 256, Column 2: Grön...
  → Green
[328/1315] Row 256, Column 5: Hår, hud, naglar, kollagen....
  → Hair, skin, nails, collagen.
[329/1315] Row 256, Column 6: Orto-kisel är bäst upptag....
  → Ortho-silicon has the best absorption.
[330/1315] Row 256, Column 7: Låg....
  → Low.
[331/1315] Row 257, Column 2: Blå...
  → Blue
[332/1315] Row 257, Column 5: Detox, kroppslukt....
  → Detox, body odor.
[333/1315] Row 257, Column 6: Från gröna växter/alger....
  → From green plants/algae.
[334/1315] Row 257, Column 7: Låg....
  → Low.
[335/1315] Row 258, Column 2: Grön...
  → Green
[336/1315] Row 258, Column 5: Prestationshöjande och fokus....
  → Performance-enhancing and focus.
[337/1315] Row 258, Column 7: Medium. Sömnstörning, ångest....
  → Medium. Sleep disturbance, anxiety.
[338/1315] Row 259, Column 2: Grön...
  → Green
[339/1315] Row 259, Column 7: Medium....
[340/1315] Row 260, Column 2: Grön...
  → Green
[341/1315] Row 260, Column 7: Låg....
  → Low.
[342/1315] Row 261, Column 2: Blå...
  → Blue
[343/1315] Row 261, Column 5: Koffeinkälla....
  → Caffeine source.
[344/1315] Row 261, Column 7: Låg....
  → Low.
[345/1315] Row 262, Column 2: Grön...
  → Green
[346/1315] Row 262, Column 6: Låg biotillgänglighet för hjärnan....
  → Low bioavailability for the brain.
[347/1315] Row 262, Column 7: Låg. Kan öka TMAO....
  → Low. Can increase TMAO.
[348/1315] Row 263, Column 2: Grön...
  → Green
[349/1315] Row 263, Column 5: Hud, hår, leder....
  → Skin, hair, joints.
[350/1315] Row 263, Column 6: Tas gärna med C-vitamin....
  → Take with vitamin C.

  Saving progress... (350/1315 translated)
[351/1315] Row 263, Column 7: Låg....
  → Low.
[352/1315] Row 264, Column 2: Grön...
  → Green
[353/1315] Row 264, Column 5: Hud, hår, naglar....
  → Skin, hair, nails.
[354/1315] Row 264, Column 6: Bovint eller marint....
  → Bovine or marine.
[355/1315] Row 264, Column 7: Låg....
  → Low.
[356/1315] Row 265, Column 2: Grön...
  → Green
[357/1315] Row 265, Column 5: Ledvärk (autoimmun?)....
  → Joint pain (autoimmune?).
[358/1315] Row 265, Column 7: Låg....
  → Low.
[359/1315] Row 266, Column 2: Grön...
  → Green
[360/1315] Row 266, Column 6: Råmjölk....
  → Raw milk.
[361/1315] Row 266, Column 7: Låg. Mjölkprotein....
  → Low. Milk protein.
[362/1315] Row 267, Column 2: Grön...
  → Green
[363/1315] Row 267, Column 6: Synergi med Glukosamin....
  → Synergy with Glucosamine.
[364/1315] Row 267, Column 7: Låg....
  → Low.
[365/1315] Row 268, Column 2: Grön...
  → Green
[366/1315] Row 268, Column 5: Synergistisk med glukosamin....
  → Synergistic with glucosamine.
[367/1315] Row 268, Column 6: Lågt upptag, men klinisk effekt....
  → Low absorption, but clinical effect.
[368/1315] Row 268, Column 7: Låg. Blodförtunnande....
  → Low. Anticoagulant.
[369/1315] Row 269, Column 2: Grön...
  → Green
[370/1315] Row 269, Column 6: Balansera alltid med Zink....
  → Always balance with Zinc.
[371/1315] Row 269, Column 7: Medium. Toxiskt i överskott....
  → Medium. Toxic in excess.
[372/1315] Row 270, Column 2: Grön...
  → Green
[373/1315] Row 270, Column 5: Näring, antioxidanter....
  → Nutrition, antioxidants.
[374/1315] Row 270, Column 6: Liknar vetegräs....
  → Resembles wheatgrass.
[375/1315] Row 270, Column 7: Låg. Glutenrisk (om ej ren)....
  → Low. Gluten risk (if not pure).
[376/1315] Row 271, Column 2: Blå...
  → Blue
[377/1315] Row 271, Column 6: Ej bevisat bättre än monohydrat....
  → Not proven to be better than monohydrate.
[378/1315] Row 271, Column 7: Låg....
  → Low.
[379/1315] Row 272, Column 2: Grön...
  → Green
[380/1315] Row 272, Column 5: Hjärnhälsa (energi)....
  → Brain health (energy).
[381/1315] Row 272, Column 6: Kognitiv trötthet....
  → Cognitive fatigue.
[382/1315] Row 272, Column 7: Låg....
  → Low.
[383/1315] Row 273, Column 2: Blå...
  → Blue
[384/1315] Row 273, Column 5: Samma effekt som mono, mindre dos?...
  → Same effect as mono, smaller dose?
[385/1315] Row 273, Column 7: Låg. Sur smak....
  → Low. Sour taste.
[386/1315] Row 274, Column 2: Grön...
  → Green
[387/1315] Row 274, Column 5: Underhållsdos 5g dagligen. Laddning valfri....
  → Maintenance dose 5g daily. Loading optional.
[388/1315] Row 274, Column 6: Tas bäst med kolhydrater/protein....
  → Best taken with carbohydrates/protein.
[389/1315] Row 274, Column 7: Låg. Drick extra vatten....
  → Low. Drink extra water.
[390/1315] Row 275, Column 2: Grön...
  → Green
[391/1315] Row 275, Column 5: Sötsug, insulin....
  → Sugar cravings, insulin.
[392/1315] Row 275, Column 6: Picolinate bäst....
  → Picolinate best.
[393/1315] Row 275, Column 7: Låg....
  → Low.
[394/1315] Row 276, Column 2: Grön...
  → Green
[395/1315] Row 276, Column 5: Insulinkänslighet....
  → Insulin sensitivity.
[396/1315] Row 276, Column 6: Pikolinat är stabilt och upptagbart....
  → Picolinate is stable and absorbable.
[397/1315] Row 276, Column 7: Låg....
  → Low.
[398/1315] Row 277, Column 2: Grön...
  → Green
[399/1315] Row 277, Column 5: Galla, matsmältning, lever....
  → Gall, digestion, liver.
[400/1315] Row 277, Column 6: Minskar gaser/uppblåsthet....
  → Reduces gas/bloating.

  Saving progress... (400/1315 translated)
[401/1315] Row 277, Column 7: Låg. Gallsten?...
  → Low. Gallstones?
[402/1315] Row 278, Column 2: Grön...
  → Green
[403/1315] Row 278, Column 5: Matsmältning, lever....
  → Digestion, liver.
[404/1315] Row 278, Column 6: Cynarin ökar gallflöde....
  → Cynarin increases bile flow.
[405/1315] Row 278, Column 7: Låg....
  → Low.
[406/1315] Row 279, Column 2: Grön...
  → Green
[407/1315] Row 279, Column 5: Hjärninflammation....
  → Encephalitis.
[408/1315] Row 279, Column 7: Låg....
  → Low.
[409/1315] Row 280, Column 2: Blå...
  → Blue
[410/1315] Row 280, Column 5: Kväveoxid (sämre än Citrulline)....
  → Nitric oxide (worse than Citrulline).
[411/1315] Row 280, Column 7: Låg. Herpesutbrott?...
  → Low. Herpes outbreak?
[412/1315] Row 281, Column 2: Blå...
  → Blue
[413/1315] Row 281, Column 5: Erektion (blodflöde)....
  → Erection (blood flow).
[414/1315] Row 281, Column 6: NO-prekursor (sämre än Cit)....
  → NO precursor (worse than Cit).
[415/1315] Row 281, Column 7: Låg....
  → Low.
[416/1315] Row 282, Column 2: Grön...
  → Green
[417/1315] Row 282, Column 6: Bättre NO-boost....
  → Better NO boost.
[418/1315] Row 282, Column 7: Låg....
  → Low.
[419/1315] Row 283, Column 2: Grön...
  → Green
[420/1315] Row 283, Column 6: Svavelaminosyra....
  → Sulfur amino acid.
[421/1315] Row 283, Column 7: Låg....
  → Low.
[422/1315] Row 284, Column 2: Grön...
  → Green
[423/1315] Row 284, Column 6: Aptitdämpning, fokus....
  → Appetite suppression, focus.
[424/1315] Row 284, Column 7: Låg. Ej vid PKU....
  → Low. Not in case of PKU.
[425/1315] Row 285, Column 2: Grön...
  → Green
[426/1315] Row 285, Column 5: Tarmslemhinna, återhämtning....
  → Intestinal mucosa, recovery.
[427/1315] Row 285, Column 6: Primärt bränsle för enterocyter....
  → Primary fuel for enterocytes.
[428/1315] Row 285, Column 7: Låg....
  → Low.
[429/1315] Row 286, Column 2: Grön...
  → Green
[430/1315] Row 286, Column 5: Tarmvägg, muskelåterhämtning....
  → Intestinal wall, muscle recovery.
[431/1315] Row 286, Column 6: Bränsle för tarmceller....
  → Fuel for intestinal cells.
[432/1315] Row 286, Column 7: Låg....
  → Low.
[433/1315] Row 287, Column 2: Grön...
  → Green
[434/1315] Row 287, Column 5: Androgenreceptorer, återhämtning....
  → Androgen receptors, recovery.
[435/1315] Row 287, Column 6: Bäst upptag för muskelvävnad....
  → Best absorption for muscle tissue.
[436/1315] Row 287, Column 7: Låg. TMAO-risk vid hög dos?...
  → Low. TMAO risk at high dose?
[437/1315] Row 288, Column 2: Grön...
  → Green
[438/1315] Row 288, Column 5: Herpes (munsår), kollagen....
  → Herpes (cold sore), collagen.
[439/1315] Row 288, Column 6: Antagonist till Arginin....
  → Antagonist to Arginine.
[440/1315] Row 288, Column 7: Låg....
  → Low.
[441/1315] Row 289, Column 2: Grön...
  → Green
[442/1315] Row 289, Column 7: Låg....
  → Low.
[443/1315] Row 290, Column 2: Grön...
  → Green
[444/1315] Row 290, Column 5: För de med MTHFR-mutation....
  → For those with MTHFR mutation.
[445/1315] Row 290, Column 6: Aktiv form, kräver ej omvandling....
  → Active form, does not require conversion.
[446/1315] Row 290, Column 7: Låg....
  → Low.
[447/1315] Row 291, Column 2: Grön...
  → Green
[448/1315] Row 291, Column 5: Ammoniak-detox, sömn, trötthet....
  → Ammonia detox, sleep, fatigue.
[449/1315] Row 291, Column 6: Synergi med Arginin....
  → Synergy with Arginine.
[450/1315] Row 291, Column 7: Låg....
  → Low.

  Saving progress... (450/1315 translated)
[451/1315] Row 292, Column 2: Blå...
  → Blue
[452/1315] Row 292, Column 5: Sömn, stress....
  → Sleep, stress.
[453/1315] Row 292, Column 6: Sänker ammoniak/kortisol?...
  → Does it lower ammonia/cortisol?
[454/1315] Row 292, Column 7: Låg....
  → Low.
[455/1315] Row 293, Column 2: Grön...
  → Green
[456/1315] Row 293, Column 5: 2:1 ratio med koffein för fokus....
  → 2:1 ratio with caffeine for focus.
[457/1315] Row 293, Column 6: Vattenlöslig, snabb effekt....
  → Water-soluble, fast effect.
[458/1315] Row 293, Column 7: Låg. Sänker blodtryck milt....
  → Low. Mildly lowers blood pressure.
[459/1315] Row 294, Column 2: Blå...
  → Blue
[460/1315] Row 294, Column 5: Smärta, sömn (dopamin-antagonist)....
  → Pain, sleep (dopamine antagonist).
[461/1315] Row 294, Column 6: Från Corydalis....
  → From Corydalis.
[462/1315] Row 294, Column 7: Medium. Sedering....
  → Medium. Sedation.
[463/1315] Row 295, Column 2: Grön...
  → Green
[464/1315] Row 295, Column 6: Konkurrerar med BCAA om upptag....
  → Competes with BCAA for absorption.
[465/1315] Row 295, Column 7: Medium....
[466/1315] Row 296, Column 2: Grön...
  → Green
[467/1315] Row 296, Column 5: Vid akut stress/kyla/sömnbrist....
  → In case of acute stress/cold/sleep deprivation.
[468/1315] Row 296, Column 6: Tas på tom mage. Dopamin-prekursor....
  → Take on an empty stomach. Dopamine precursor.
[469/1315] Row 296, Column 7: Medium. Sköldkörtelinteraktion....
  → Medium. Thyroid interaction.
[470/1315] Row 297, Column 2: Grön...
  → Green
[471/1315] Row 297, Column 6: Välstuderad stam....
  → Well-studied strain.
[472/1315] Row 297, Column 7: Låg....
  → Low.
[473/1315] Row 298, Column 2: Grön...
  → Green
[474/1315] Row 298, Column 5: Magsår, halsbränna....
  → Stomach ulcer, heartburn.
[475/1315] Row 298, Column 6: Deglycyrrhizinerad (höjer ej tryck)....
  → Deglycyrrhizinated (does not raise blood pressure).
[476/1315] Row 298, Column 7: Låg....
  → Low.
[477/1315] Row 299, Column 2: Grön...
  → Green
[478/1315] Row 299, Column 5: Järnbindande, antiviral....
  → Iron-binding, antiviral.
[479/1315] Row 299, Column 6: Från mjölk....
  → From milk.
[480/1315] Row 299, Column 7: Låg....
  → Low.
[481/1315] Row 300, Column 2: Grön...
  → Green
[482/1315] Row 300, Column 5: Ångest....
  → Anxiety.
[483/1315] Row 300, Column 7: Låg. Rapar lavendel....
  → Low. Burps lavender.
[484/1315] Row 301, Column 2: Blå...
  → Blue
[485/1315] Row 301, Column 5: Växtanabol, kortisolkontroll....
  → Plant anabolic, cortisol control.
[486/1315] Row 301, Column 7: Låg....
  → Low.
[487/1315] Row 302, Column 2: Grön...
  → Green
[488/1315] Row 302, Column 6: Viktigaste aminosyran för anabolism....
  → The most important amino acid for anabolism.
[489/1315] Row 302, Column 7: Låg....
  → Low.
[490/1315] Row 303, Column 2: Grön...
  → Green
[491/1315] Row 303, Column 5: Urinvägar, antioxidant....
  → Urinary tract, antioxidant.
[492/1315] Row 303, Column 7: Låg....
  → Low.
[493/1315] Row 304, Column 2: Blå...
  → Blue
[494/1315] Row 304, Column 5: NGF (Nervtillväxt)....
  → NGF (Nerve Growth Factor).
[495/1315] Row 304, Column 6: Hjärnhälsa....
  → Brain health.
[496/1315] Row 304, Column 7: Låg....
  → Low.
[497/1315] Row 305, Column 2: Grön...
  → Green
[498/1315] Row 305, Column 5: Välj extrakt från fruktkropp....
  → Choose extract from the fruiting body.
[499/1315] Row 305, Column 6: Varmvattens- eller alkoholextrakt bäst....
  → Warm water or alcohol extract is best.
[500/1315] Row 305, Column 7: Låg....
  → Low.

  Saving progress... (500/1315 translated)
[501/1315] Row 306, Column 2: Blå...
  → Blue
[502/1315] Row 306, Column 5: Humörsvängningar....
  → Mood swings.
[503/1315] Row 306, Column 6: Mikrodos (ej läkemedelsdos)....
  → Microdose (not a medicinal dose).
[504/1315] Row 306, Column 7: Medium. Sköldkörtel?...
  → Medium. Thyroid?
[505/1315] Row 307, Column 2: Grön...
  → Green
[506/1315] Row 307, Column 5: Hudelasticitet, ögon....
  → Skin elasticity, eyes.
[507/1315] Row 307, Column 6: Blått ljus-skydd....
  → Blue light protection.
[508/1315] Row 307, Column 7: Låg....
  → Low.
[509/1315] Row 308, Column 2: Grön...
  → Green
[510/1315] Row 308, Column 5: Ögonhälsa (gula fläcken)....
  → Eye health (macula).
[511/1315] Row 308, Column 6: Karotenoider, skyddar mot blått ljus....
  → Carotenoids, protect against blue light.
[512/1315] Row 308, Column 7: Låg....
  → Low.
[513/1315] Row 309, Column 2: Blå...
  → Blue
[514/1315] Row 309, Column 6: Hämmar mikroglia-aktivering....
  → Inhibits microglia activation.
[515/1315] Row 309, Column 7: Låg....
  → Low.
[516/1315] Row 310, Column 2: Grön...
  → Green
[517/1315] Row 310, Column 5: Prostatahälsa, antioxidant....
  → Prostate health, antioxidant.
[518/1315] Row 310, Column 6: Från tomater, tas med fett....
  → From tomatoes, taken with fat.
[519/1315] Row 310, Column 7: Låg....
  → Low.
[520/1315] Row 311, Column 2: Grön...
  → Green
[521/1315] Row 311, Column 6: Från tomat....
  → From tomato.
[522/1315] Row 311, Column 7: Låg....
  → Low.
[523/1315] Row 312, Column 2: Grön...
  → Green
[524/1315] Row 312, Column 7: Låg....
  → Low.
[525/1315] Row 313, Column 2: Grön...
  → Green
[526/1315] Row 313, Column 6: Balansera med Arginin....
  → Balance with Arginine.
[527/1315] Row 313, Column 7: Låg....
  → Low.
[528/1315] Row 314, Column 2: Grön...
  → Green
[529/1315] Row 314, Column 7: Låg....
  → Low.
[530/1315] Row 315, Column 2: Grön...
  → Green
[531/1315] Row 315, Column 6: Liknar rödalm....
  → Resembles red elm.
[532/1315] Row 315, Column 7: Låg....
  → Low.
[533/1315] Row 316, Column 2: Grön...
  → Green
[534/1315] Row 316, Column 7: Låg....
  → Low.
[535/1315] Row 317, Column 2: Grön...
  → Green
[536/1315] Row 317, Column 7: Låg....
  → Low.
[537/1315] Row 318, Column 2: Grön...
  → Green
[538/1315] Row 318, Column 5: Hormonbalans, allmän hälsa....
  → Hormonal balance, general health.
[539/1315] Row 318, Column 6: Standardtypen. Gelatiniserad bäst....
  → Standard type. Gelatinized is best.
[540/1315] Row 318, Column 7: Låg....
  → Low.
[541/1315] Row 319, Column 2: Grön...
  → Green
[542/1315] Row 319, Column 5: Prostata, benhälsa....
  → Prostate, bone health.
[543/1315] Row 319, Column 6: Påverkar ej hormoner direkt....
  → Does not directly affect hormones.
[544/1315] Row 319, Column 7: Låg....
  → Low.
[545/1315] Row 320, Column 2: Grön...
  → Green
[546/1315] Row 320, Column 6: Gelatiniserad för magen....
  → Gelatinized for the stomach.
[547/1315] Row 320, Column 7: Låg....
  → Low.
[548/1315] Row 321, Column 2: Grön...
  → Green
[549/1315] Row 321, Column 5: Ångest, spänning....
  → Anxiety, tension.
[550/1315] Row 321, Column 7: Låg....
  → Low.

  Saving progress... (550/1315 translated)
[551/1315] Row 322, Column 2: Grön...
  → Green
[552/1315] Row 322, Column 6: Avslappnande kärl....
  → Relaxing vessels.
[553/1315] Row 322, Column 7: Låg....
  → Low.
[554/1315] Row 323, Column 2: Grön...
  → Green
[555/1315] Row 323, Column 7: Låg....
  → Low.
[556/1315] Row 324, Column 2: Grön...
  → Green
[557/1315] Row 324, Column 5: Dos avser totalförening (ca 144mg elementärt Mg)....
  → Dose refers to total compound (approximately 144mg elemental
[558/1315] Row 324, Column 6: Unik förmåga att passera blod-hjärnbarriären....
  → Unique ability to cross the blood-brain barrier.
[559/1315] Row 324, Column 7: Låg....
  → Low.
[560/1315] Row 325, Column 2: Grön...
  → Green
[561/1315] Row 325, Column 5: Tas med fördel på kvällen för sömn....
  → Taken preferably in the evening for sleep.
[562/1315] Row 325, Column 6: Hög biotillgänglighet, snäll mot magen....
  → High bioavailability, gentle on the stomach.
[563/1315] Row 325, Column 7: Låg....
  → Low.
[564/1315] Row 326, Column 2: Grön...
  → Green
[565/1315] Row 326, Column 5: Avslappning....
  → Relaxation.
[566/1315] Row 326, Column 7: Låg....
  → Low.
[567/1315] Row 327, Column 2: Grön...
  → Green
[568/1315] Row 327, Column 5: Bra för energi och muskelsmärta (fibromyalgi)....
  → Good for energy and muscle pain (fibromyalgia).
[569/1315] Row 327, Column 6: Hög biotillgänglighet....
  → High bioavailability.
[570/1315] Row 327, Column 7: Låg....
  → Low.
[571/1315] Row 328, Column 2: Grön...
  → Green
[572/1315] Row 328, Column 5: Bra för hjärta och lugnande effekt....
  → Good for the heart and has a calming effect.
[573/1315] Row 328, Column 6: Taurin ökar magnesiums intracellulära effekt....
  → Taurine increases magnesium's intracellular effect.
[574/1315] Row 328, Column 7: Låg....
  → Low.
[575/1315] Row 329, Column 2: Grön...
  → Green
[576/1315] Row 329, Column 5: Sänker kortisol, sömn....
  → Lowers cortisol, sleep.
[577/1315] Row 329, Column 6: Aktivt ämne: Honokiol/Magnolol....
  → Active ingredient: Honokiol/Magnolol.
[578/1315] Row 329, Column 7: Låg....
  → Low.
[579/1315] Row 330, Column 2: Blå...
  → Blue
[580/1315] Row 330, Column 5: Sömn, kortisol....
  → Sleep, cortisol.
[581/1315] Row 330, Column 7: Låg....
  → Low.
[582/1315] Row 331, Column 2: Grön...
  → Green
[583/1315] Row 331, Column 6: D-fraktion är potent....
  → D-fraktion is potent.
[584/1315] Row 331, Column 7: Låg....
  → Low.
[585/1315] Row 332, Column 2: Grön...
  → Green
[586/1315] Row 332, Column 7: Låg....
  → Low.
[587/1315] Row 333, Column 2: Grön...
  → Green
[588/1315] Row 333, Column 6: Neurotoxiskt i mycket höga doser....
  → Neurotoxic at very high doses.
[589/1315] Row 333, Column 7: Låg....
  → Low.
[590/1315] Row 334, Column 2: Grön...
  → Green
[591/1315] Row 334, Column 6: Lokal effekt hals/sår....
  → Local effect throat/wound.
[592/1315] Row 334, Column 7: Låg. Socker....
  → Low. Sugar.
[593/1315] Row 335, Column 2: Grön...
  → Green
[594/1315] Row 335, Column 5: Vätskedrivande (kaliumsparande)....
  → Diuretic (potassium-sparing).
[595/1315] Row 335, Column 6: Bladen för njurarna....
  → The leaves for the kidneys.
[596/1315] Row 335, Column 7: Låg....
  → Low.
[597/1315] Row 336, Column 2: Blå...
  → Blue
[598/1315] Row 336, Column 6: Rot för lever, blad för njurar....
  → Root for liver, leaf for kidneys.
[599/1315] Row 336, Column 7: Låg....
  → Low.
[600/1315] Row 337, Column 2: Blå...
  → Blue

  Saving progress... (600/1315 translated)
[601/1315] Row 337, Column 6: Roten för levern....
  → Root for the liver.
[602/1315] Row 337, Column 7: Låg....
  → Low.
[603/1315] Row 338, Column 2: Grön...
  → Green
[604/1315] Row 338, Column 5: Ketontillverkning, energi....
  → Ketone production, energy.
[605/1315] Row 338, Column 7: Låg. Magbesvär vid start....
  → Low. Stomach issues at start.
[606/1315] Row 339, Column 2: Grön...
  → Green
[607/1315] Row 339, Column 5: Hjärnenergi (ketoner)....
  → Brain energy (ketones).
[608/1315] Row 339, Column 6: Alzheimer-stöd?...
  → Alzheimer support?
[609/1315] Row 339, Column 7: Låg....
  → Low.
[610/1315] Row 340, Column 2: Grön...
  → Green
[611/1315] Row 340, Column 6: Ökar energiförbrukning....
  → Increases energy expenditure.
[612/1315] Row 340, Column 7: Låg....
  → Low.
[613/1315] Row 341, Column 2: Grön...
  → Green
[614/1315] Row 341, Column 5: Snabb ketonenergi (hjärna)....
  → Rapid ketone energy (brain).
[615/1315] Row 341, Column 6: Börja lågt (magras)....
  → Start low (magras).
[616/1315] Row 341, Column 7: Låg....
  → Low.
[617/1315] Row 342, Column 2: Grön...
  → Green
[618/1315] Row 342, Column 6: Snällare mot magen än olja....
  → Gentler on the stomach than oil.
[619/1315] Row 342, Column 7: Låg....
  → Low.
[620/1315] Row 343, Column 2: Grön...
  → Green
[621/1315] Row 343, Column 5: Insomning, dygnsrytm....
  → Sleep onset, circadian rhythm.
[622/1315] Row 343, Column 6: Låg dos ofta effektivare (0.3-1mg)....
  → Low dose often more effective (0.3-1mg).
[623/1315] Row 343, Column 7: Låg. Kan ge mardrömmar....
  → Low. May cause nightmares.
[624/1315] Row 344, Column 2: Grön...
  → Green
[625/1315] Row 344, Column 5: Insomning....
  → Sleep onset.
[626/1315] Row 344, Column 7: Låg. Drömmar....
  → Low. Dreams.
[627/1315] Row 345, Column 2: Grön...
  → Green
[628/1315] Row 345, Column 5: Leverhälsa....
  → Liver health.
[629/1315] Row 345, Column 7: Låg....
  → Low.
[630/1315] Row 346, Column 2: Grön...
  → Green
[631/1315] Row 346, Column 5: Leverhälsa, glutation....
  → Liver health, glutathione.
[632/1315] Row 346, Column 6: Antioxidant för hepatocyter....
  → Antioxidant for hepatocytes.
[633/1315] Row 346, Column 7: Låg. CYP-interaktioner?...
  → Low. CYP interactions?
[634/1315] Row 347, Column 2: Grön...
  → Green
[635/1315] Row 347, Column 5: Urinvägsinfektion (akut)....
  → Urinary tract infection (acute).
[636/1315] Row 347, Column 7: Medium. Korttidsbruk!...
  → Medium. Short-term use!
[637/1315] Row 348, Column 2: Grön...
  → Green
[638/1315] Row 348, Column 5: Detox (sulfiter), urinsyra....
  → Detox (sulfites), uric acid.
[639/1315] Row 348, Column 6: Essentiellt spårämne....
  → Essential trace element.
[640/1315] Row 348, Column 7: Låg....
  → Low.
[641/1315] Row 349, Column 2: Blå...
  → Blue
[642/1315] Row 349, Column 5: Virus (höljeförsedda)....
  → Virus (enveloped).
[643/1315] Row 349, Column 6: Från kokosolja/laurinsyra....
  → From coconut oil/lauric acid.
[644/1315] Row 349, Column 7: Låg....
  → Low.
[645/1315] Row 350, Column 2: Grön...
  → Green
[646/1315] Row 350, Column 5: Svaveldonator, ledhälsa, antioxidat....
  → Sulfur donor, joint health, antioxidant.
[647/1315] Row 350, Column 6: Tas upp väl....
  → Take up well.
[648/1315] Row 350, Column 7: Låg....
  → Low.
[649/1315] Row 351, Column 2: Grön...
  → Green
[650/1315] Row 351, Column 5: Keratin/kollagen-stöd....
  → Keratin/collagen support.

  Saving progress... (650/1315 translated)
[651/1315] Row 351, Column 6: "Skönhetsmineral"....
  → Beauty mineral.
[652/1315] Row 351, Column 7: Låg....
  → Low.
[653/1315] Row 352, Column 2: Grön...
  → Green
[654/1315] Row 352, Column 5: Ledvärk....
  → Joint pain.
[655/1315] Row 352, Column 6: Svavel....
  → Sulfur.
[656/1315] Row 352, Column 7: Låg....
  → Low.
[657/1315] Row 353, Column 2: Grön...
  → Green
[658/1315] Row 353, Column 7: Medium. Nedreglering?...
  → Medium. Downregulation?
[659/1315] Row 354, Column 2: Blå...
  → Blue
[660/1315] Row 354, Column 7: Låg....
  → Low.
[661/1315] Row 355, Column 2: Grön...
  → Green
[662/1315] Row 355, Column 6: Ökar progesteron (sänker prolaktin)....
  → Increases progesterone (lowers prolactin).
[663/1315] Row 355, Column 7: Låg....
  → Low.
[664/1315] Row 356, Column 2: Grön...
  → Green
[665/1315] Row 356, Column 5: PCOS, ångest, sömn....
  → PCOS, anxiety, sleep.
[666/1315] Row 356, Column 6: B-vitamin släkting....
  → B-vitamin relative.
[667/1315] Row 356, Column 7: Låg....
  → Low.
[668/1315] Row 357, Column 2: Blå...
  → Blue
[669/1315] Row 357, Column 6: Mer löslig men sämre omvandling än L-Tyr?...
  → More soluble but poorer conversion than L-Tyr?
[670/1315] Row 357, Column 7: Låg....
  → Low.
[671/1315] Row 358, Column 2: Blå...
  → Blue
[672/1315] Row 358, Column 5: Vattenlöslig Tyrosin....
  → Water-soluble Tyrosine.
[673/1315] Row 358, Column 6: Sämre omvandling än L-Tyrosin?...
  → Worse conversion than L-Tyrosine?
[674/1315] Row 358, Column 7: Låg....
  → Low.
[675/1315] Row 359, Column 2: Blå...
  → Blue
[676/1315] Row 359, Column 5: Energi, fettförbränning....
  → Energy, fat burning.
[677/1315] Row 359, Column 6: Ökar gastrin?...
  → Does gastrin increase?
[678/1315] Row 359, Column 7: Låg....
  → Low.
[679/1315] Row 360, Column 2: Grön...
  → Green
[680/1315] Row 360, Column 7: Låg....
  → Low.
[681/1315] Row 361, Column 2: Grön...
  → Green
[682/1315] Row 361, Column 6: Svavelkälla....
  → Sulfur source.
[683/1315] Row 361, Column 7: Låg....
  → Low.
[684/1315] Row 362, Column 2: Grön...
  → Green
[685/1315] Row 362, Column 6: Vid luftvägsproblem....
  → In case of respiratory problems.
[686/1315] Row 362, Column 7: Låg....
  → Low.
[687/1315] Row 363, Column 2: Grön...
  → Green
[688/1315] Row 363, Column 5: Tvångssyndrom (OCD), beroende....
  → Obsessive-Compulsive Disorder (OCD), addiction.
[689/1315] Row 363, Column 7: Låg....
  → Low.
[690/1315] Row 364, Column 2: Grön...
  → Green
[691/1315] Row 364, Column 5: Glutation-prekursor, slemrösande....
    ✗ Failed to translate: Glutation-prekursor, slemrösande.
[692/1315] Row 364, Column 6: Svaveldoft. Biotillgänglig....
  → Sulfur smell. Bioavailable.
[693/1315] Row 364, Column 7: Låg....
  → Low.
[694/1315] Row 366, Column 2: Grön...
  → Green
[695/1315] Row 366, Column 5: Mjölksyrabuffert (akut)....
  → Lactic acid buffer (acute).
[696/1315] Row 366, Column 6: 0.3g/kg kroppsvikt. Magsmärtor!...
  → 0.3g/kg body weight. Stomach pains!
[697/1315] Row 366, Column 7: Medium. Magkramp/Diarré....
  → Medium. Stomach cramps/Diarrhea.
[698/1315] Row 367, Column 2: Grön...
  → Green
[699/1315] Row 367, Column 7: Medium. Blodförtunnande....
  → Medium. Blood thinner.
[700/1315] Row 368, Column 2: Grön...
  → Green

  Saving progress... (700/1315 translated)
[701/1315] Row 368, Column 7: Medium. Lever?...
  → Medium. Liver?
[702/1315] Row 369, Column 2: Grön...
  → Green
[703/1315] Row 369, Column 6: Bra för akne/hudbarriär....
  → Good for acne/skin barrier.
[704/1315] Row 369, Column 7: Låg....
  → Low.
[705/1315] Row 370, Column 2: Grön...
  → Green
[706/1315] Row 370, Column 5: Akne, hudbarriär, rodnad....
  → Acne, skin barrier, redness.
[707/1315] Row 370, Column 7: Låg....
  → Low.
[708/1315] Row 371, Column 2: Blå...
  → Blue
[709/1315] Row 371, Column 5: Tas på morgonen för NAD+ stöd....
  → Taken in the morning for NAD+ support.
[710/1315] Row 371, Column 6: Sublingualt eller liposomalt föredras....
  → Sublingual or liposomal is preferred.
[711/1315] Row 371, Column 7: Låg. Påverkar metylering (ta med TMG)....
  → Low. Affects methylation (include TMG).
[712/1315] Row 372, Column 2: Blå...
  → Blue
[713/1315] Row 372, Column 6: Åldersrelaterad insulinresistens....
  → Age-related insulin resistance.
[714/1315] Row 372, Column 7: Låg....
  → Low.
[715/1315] Row 373, Column 2: Blå...
  → Blue
[716/1315] Row 373, Column 7: Låg....
  → Low.
[717/1315] Row 374, Column 2: Grön...
  → Green
[718/1315] Row 374, Column 6: Histaminhämmande....
  → Histamine-inhibiting.
[719/1315] Row 374, Column 7: Låg....
  → Low.
[720/1315] Row 375, Column 2: Grön...
  → Green
[721/1315] Row 375, Column 7: Låg....
    ✗ Failed to translate: Låg.
[722/1315] Row 376, Column 2: Grön...
  → Green
[723/1315] Row 376, Column 5: Immunmodulering för ledhälsa....
  → Immune modulation for joint health.
[724/1315] Row 376, Column 7: Låg....
  → Low.
[725/1315] Row 377, Column 2: Blå...
  → Blue
[726/1315] Row 377, Column 5: Fettförbränning (Norepinefrin)....
  → Fat burning (Norepinephrine).
[727/1315] Row 377, Column 6: Svagare än synefrin....
  → Weaker than synephrine.
[728/1315] Row 377, Column 7: Låg....
  → Low.
[729/1315] Row 378, Column 2: Blå...
  → Blue
[730/1315] Row 378, Column 5: Sömninducering....
    ✗ Failed to translate: Sömninducering.
[731/1315] Row 378, Column 6: Ackumuleras vid sömnbrist....
  → Accumulates with sleep deprivation.
[732/1315] Row 378, Column 7: Låg....
  → Low.
[733/1315] Row 379, Column 2: Grön...
  → Green
[734/1315] Row 379, Column 6: Oleuropein är aktivt ämne....
  → Oleuropein is the active substance.
[735/1315] Row 379, Column 7: Låg. Herxheimer-reaktion?...
  → Low. Herxheimer reaction?
[736/1315] Row 380, Column 2: Grön...
  → Green
[737/1315] Row 380, Column 7: Låg....
  → Low.
[738/1315] Row 381, Column 2: Grön...
  → Green
[739/1315] Row 381, Column 5: Dos avser total mängd EPA+DHA....
  → Dose refers to the total amount of EPA+DHA.
[740/1315] Row 381, Column 6: Tas med fettrik måltid....
  → Taken with a high-fat meal.
[741/1315] Row 381, Column 7: Låg. Blodförtunnande vid hög dos....
    ✗ Failed to translate: Låg. Blodförtunnande vid hög dos.
[742/1315] Row 382, Column 2: Grön...
  → Green
[743/1315] Row 382, Column 6: EPA för inflammation....
  → EPA for inflammation.
[744/1315] Row 382, Column 7: Låg....
  → Low.
[745/1315] Row 383, Column 2: Grön...
  → Green
[746/1315] Row 383, Column 6: EPA viktigast för humör....
  → EPA is most important for mood.
[747/1315] Row 383, Column 7: Låg....
  → Low.
[748/1315] Row 384, Column 2: Blå...
  → Blue
[749/1315] Row 384, Column 6: Starkt, kan irritera slemhinnor....
  → Strong, may irritate mucous membranes.
[750/1315] Row 384, Column 7: Medium. Slår ut goda bakterier?...
  → Medium. Does it eliminate good bacteria?

  Saving progress... (750/1315 translated)
[751/1315] Row 385, Column 2: Blå...
  → Blue
[752/1315] Row 385, Column 7: Medium. Stark för magen....
  → Medium. Strong for the stomach.
[753/1315] Row 386, Column 2: Grön...
  → Green
[754/1315] Row 386, Column 5: Minskar ammoniak, sömn....
  → Reduces ammonia, sleep.
[755/1315] Row 386, Column 6: Synergi med Arginin....
  → Synergy with Arginine.
[756/1315] Row 386, Column 7: Låg....
  → Low.
[757/1315] Row 387, Column 2: Blå...
  → Blue
[758/1315] Row 387, Column 6: Kan innehålla statin-liknande ämnen....
  → May contain statin-like substances.
[759/1315] Row 387, Column 7: Låg....
  → Low.
[760/1315] Row 388, Column 2: Grön...
  → Green
[761/1315] Row 388, Column 5: Fettsmältning (utan gallblåsa)....
  → Fat digestion (without gallbladder).
[762/1315] Row 388, Column 6: Ersätter galla....
  → Replaces bile.
[763/1315] Row 388, Column 7: Låg....
    ✗ Failed to translate: Låg.
[764/1315] Row 389, Column 2: Blå...
  → Blue
[765/1315] Row 389, Column 6: Vattenlöslig....
  → Water-soluble.
[766/1315] Row 389, Column 7: Låg....
  → Low.
[767/1315] Row 390, Column 2: Grön...
  → Green
[768/1315] Row 390, Column 5: Aktiv B6, kofaktor för neurotransmittorer....
  → Active B6, cofactor for neurotransmitters.
[769/1315] Row 390, Column 6: Kräver ej leveromvandling....
  → Does not require liver conversion.
[770/1315] Row 390, Column 7: Låg. Höga doser kan ge neuropati....
  → Low. High doses may cause neuropathy.
[771/1315] Row 391, Column 2: Blå...
  → Blue
[772/1315] Row 391, Column 5: Hud, hår, B-vitaminkofaktor....
  → Skin, hair, B-vitamin cofactor.
[773/1315] Row 391, Column 6: Del av folsyra-molekylen....
  → Part of the folic acid molecule.
[774/1315] Row 391, Column 7: Låg. Sulfamedicin-interaktion....
  → Low. Sulfa drug interaction.
[775/1315] Row 392, Column 2: Blå...
  → Blue
[776/1315] Row 392, Column 5: Grått hår (förr i tiden)....
  → Gray hair (in the past).
[777/1315] Row 392, Column 6: Del av folat....
  → Part of folate.
[778/1315] Row 392, Column 7: Låg....
  → Low.
[779/1315] Row 393, Column 2: Blå...
  → Blue
[780/1315] Row 393, Column 6: Bättre än pantotensyra för lipider....
  → Better than pantothenic acid for lipids.
[781/1315] Row 393, Column 7: Låg....
  → Low.
[782/1315] Row 394, Column 2: Grön...
  → Green
[783/1315] Row 394, Column 5: Akne (hög dos), fettmetabolism....
  → Acne (high dose), fat metabolism.
[784/1315] Row 394, Column 6: Vattenlöslig....
  → Water-soluble.
[785/1315] Row 394, Column 7: Låg....
  → Low.
[786/1315] Row 395, Column 2: Grön...
  → Green
[787/1315] Row 395, Column 7: Låg....
  → Low.
[788/1315] Row 396, Column 2: Grön...
  → Green
[789/1315] Row 396, Column 5: Ångest, sömn....
  → Anxiety, sleep.
[790/1315] Row 396, Column 6: Ökar GABA....
  → Increases GABA.
[791/1315] Row 396, Column 7: Låg. Dåsighet....
  → Low. Drowsiness.
[792/1315] Row 397, Column 2: Grön...
  → Green
[793/1315] Row 397, Column 5: Ångest, sömn....
  → Anxiety, sleep.
[794/1315] Row 397, Column 7: Låg....
  → Low.
[795/1315] Row 398, Column 2: Grön...
  → Green
[796/1315] Row 398, Column 6: Enterokapslar bäst....
  → Enteric capsules are best.
[797/1315] Row 398, Column 7: Låg. Refluxrisk om ej kapslad....
  → Low. Reflux risk if not encapsulated.
[798/1315] Row 399, Column 2: Grön...
  → Green
[799/1315] Row 399, Column 5: IBS, kramplösande....
  → IBS, antispasmodic.
[800/1315] Row 399, Column 6: Enterokapslar för tarmen....
  → Enteric capsules for the intestine.

  Saving progress... (800/1315 translated)
[801/1315] Row 399, Column 7: Låg. Halsbränna om ej kapslad....
  → Low. Heartburn if not encapsulated.
[802/1315] Row 400, Column 2: Grön...
  → Green
[803/1315] Row 400, Column 5: Humör (Dopamin)....
  → Mood (Dopamine).
[804/1315] Row 400, Column 6: "Må bra"....
  → Feel good.
[805/1315] Row 400, Column 7: Låg. PKU-varning....
  → Low. PKU warning.
[806/1315] Row 401, Column 2: Grön...
  → Green
[807/1315] Row 401, Column 6: Väl tolererad fiber (ej gasbildande)....
  → Well-tolerated fiber (non-gas forming).
[808/1315] Row 401, Column 7: Låg....
  → Low.
[809/1315] Row 402, Column 2: Blå...
  → Blue
[810/1315] Row 402, Column 5: Humör, fokus, neuroplasticitet....
  → Mood, focus, neuroplasticity.
[811/1315] Row 402, Column 6: Unik verkningsmekanism....
  → Unique mechanism of action.
[812/1315] Row 402, Column 7: Låg....
  → Low.
[813/1315] Row 403, Column 2: Blå...
  → Blue
[814/1315] Row 403, Column 5: Njurhälsa, lugnande....
  → Kidney health, calming.
[815/1315] Row 403, Column 6: Traditionell Kinesisk Medicin....
  → Traditional Chinese Medicine.
[816/1315] Row 403, Column 7: Låg....
  → Low.
[817/1315] Row 404, Column 2: Blå...
  → Blue
[818/1315] Row 404, Column 6: Synergi med Q10....
    ✗ Failed to translate: Synergi med Q10.
[819/1315] Row 404, Column 7: Låg....
  → Low.
[820/1315] Row 405, Column 2: Blå...
  → Blue
[821/1315] Row 405, Column 6: Nytt inom hudvård....
  → New in skincare.
[822/1315] Row 405, Column 7: Låg....
  → Low.
[823/1315] Row 406, Column 2: Blå...
  → Blue
[824/1315] Row 406, Column 5: Mitokondrier (Hjärna/Hjärta)....
  → Mitochondria (Brain/Heart).
[825/1315] Row 406, Column 6: Nybildning av mitokondrier....
  → New formation of mitochondria.
[826/1315] Row 406, Column 7: Låg....
  → Low.
[827/1315] Row 407, Column 2: Blå...
  → Blue
[828/1315] Row 407, Column 6: Fettlöslig, "emotionell avtrubbning"....
  → Fat-soluble, "emotional blunting."
[829/1315] Row 407, Column 7: Låg....
  → Low.
[830/1315] Row 408, Column 2: Grön...
  → Green
[831/1315] Row 408, Column 6: Snällare än inulin?...
  → Kinder than inulin?
[832/1315] Row 408, Column 7: Låg....
  → Low.
[833/1315] Row 409, Column 2: Grön...
  → Green
[834/1315] Row 409, Column 5: Mat för bakterier....
  → Food for bacteria.
[835/1315] Row 409, Column 6: Kan ge gaser (FODMAP)....
  → May cause gas (FODMAP).
[836/1315] Row 409, Column 7: Låg....
  → Low.
[837/1315] Row 410, Column 2: Grön...
  → Green
[838/1315] Row 410, Column 7: Medium. Hormonpåverkan....
  → Medium. Hormonal influence.
[839/1315] Row 411, Column 2: Grön...
  → Green
[840/1315] Row 411, Column 6: 70% av immunförsvaret i tarmen....
  → 70% of the immune system is in the gut.
[841/1315] Row 411, Column 7: Låg....
  → Low.
[842/1315] Row 412, Column 2: Grön...
  → Green
[843/1315] Row 412, Column 5: Stressmage, ångest....
  → Stress stomach, anxiety.
[844/1315] Row 412, Column 7: Låg....
  → Low.
[845/1315] Row 413, Column 2: Grön...
  → Green
[846/1315] Row 413, Column 5: Allmän maghälsa, laktos....
  → General gut health, lactose.
[847/1315] Row 413, Column 7: Låg....
  → Low.
[848/1315] Row 414, Column 2: Grön...
  → Green
[849/1315] Row 414, Column 5: Kolik, maghälsa, D-vitaminupptag....
  → Colic, magnesium health, vitamin D absorption.
[850/1315] Row 414, Column 7: Låg....
  → Low.

  Saving progress... (850/1315 translated)
[851/1315] Row 415, Column 2: Grön...
  → Green
[852/1315] Row 415, Column 6: Välstuderad (LGG)....
  → Well-studied (LGG).
[853/1315] Row 415, Column 7: Låg....
  → Low.
[854/1315] Row 416, Column 2: Grön...
  → Green
[855/1315] Row 416, Column 6: Jästsvamp, dör ej av antibiotika....
  → Yeast fungus, does not die from antibiotics.
[856/1315] Row 416, Column 7: Låg. Ej för immunsupprimerade....
  → Low. Not for immunosuppressed.
[857/1315] Row 417, Column 2: Blå...
  → Blue
[858/1315] Row 417, Column 5: Kollagenstruktur, ledhälsa....
    ✗ Failed to translate: Kollagenstruktur, ledhälsa.
[859/1315] Row 417, Column 7: Låg....
  → Low.
[860/1315] Row 418, Column 2: Grön...
  → Green
[861/1315] Row 418, Column 6: Hals/Munhåla....
  → Throat/Oral cavity.
[862/1315] Row 418, Column 7: Låg....
    ✗ Failed to translate: Låg.
[863/1315] Row 419, Column 2: Grön...
  → Green
[864/1315] Row 419, Column 7: Låg....
  → Low.
[865/1315] Row 420, Column 2: Grön...
  → Green
[866/1315] Row 420, Column 5: Fiber, sänker kolesterol, mättnad....
  → Fiber, lowers cholesterol, satiety.
[867/1315] Row 420, Column 6: Måste tas med mycket vatten....
    ✗ Failed to translate: Måste tas med mycket vatten.
[868/1315] Row 420, Column 7: Låg. Kan påverka medicinupptag....
  → Low. May affect medication absorption.
[869/1315] Row 421, Column 2: Blå...
  → Blue
[870/1315] Row 421, Column 5: Mer potent analog till resveratrol....
  → More potent analog of resveratrol.
[871/1315] Row 421, Column 6: Bättre oral biotillgänglighet än resveratrol....
  → Better oral bioavailability than resveratrol.
[872/1315] Row 421, Column 7: Låg....
  → Low.
[873/1315] Row 422, Column 2: Grön...
  → Green
[874/1315] Row 422, Column 5: Håravfall, prostata....
  → Hair loss, prostate.
[875/1315] Row 422, Column 7: Låg....
  → Low.
[876/1315] Row 423, Column 2: Grön...
  → Green
[877/1315] Row 423, Column 5: Blåsa, prostata....
  → Bladder, prostate.
[878/1315] Row 423, Column 7: Låg....
  → Low.
[879/1315] Row 424, Column 2: Grön...
  → Green
[880/1315] Row 424, Column 7: Låg....
  → Low.
[881/1315] Row 425, Column 2: Grön...
  → Green
[882/1315] Row 425, Column 7: Låg....
  → Low.
[883/1315] Row 426, Column 2: Grön...
  → Green
[884/1315] Row 426, Column 6: Kväveoxid....
  → Nitric oxide.
[885/1315] Row 426, Column 7: Låg....
  → Low.
[886/1315] Row 427, Column 2: Grön...
  → Green
[887/1315] Row 427, Column 5: Prostatahälsa....
  → Prostate health.
[888/1315] Row 427, Column 6: Ofta kombinerat med Saw Palmetto....
  → Often combined with Saw Palmetto.
[889/1315] Row 427, Column 7: Låg....
  → Low.
[890/1315] Row 428, Column 2: Grön...
  → Green
[891/1315] Row 428, Column 6: Afrikanskt plommon....
  → African plum.
[892/1315] Row 428, Column 7: Låg....
  → Low.
[893/1315] Row 429, Column 2: Grön...
  → Green
[894/1315] Row 429, Column 5: Hjärtsvikt, statin-biverkning....
  → Heart failure, statin side effect.
[895/1315] Row 429, Column 6: Energi till hjärtat....
  → Energy for the heart.
[896/1315] Row 429, Column 7: Låg....
  → Low.
[897/1315] Row 430, Column 2: Grön...
  → Green
[898/1315] Row 430, Column 5: Mitokondriell energi, hjärthälsa....
  → Mitochondrial energy, heart health.
[899/1315] Row 430, Column 6: Ubiquinol är den reducerade, aktiva formen....
  → Ubiquinol is the reduced, active form.
[900/1315] Row 430, Column 7: Låg. Interagerar med Waran....
  → Low. Interacts with Warfarin.

  Saving progress... (900/1315 translated)
[901/1315] Row 431, Column 6: Poor absorption (phytosome better)....
[902/1315] Row 432, Column 2: Grön...
  → Green
[903/1315] Row 432, Column 5: Virusinträde, zink-jonofor....
  → Viral entry, zinc ionophore.
[904/1315] Row 432, Column 6: Tas med zink....
  → Taken with zinc.
[905/1315] Row 432, Column 7: Låg....
  → Low.
[906/1315] Row 433, Column 2: Grön...
  → Green
[907/1315] Row 433, Column 6: Mycket högre upptag än vanlig....
  → Much higher absorption than usual.
[908/1315] Row 433, Column 7: Låg....
  → Low.
[909/1315] Row 434, Column 2: Blå...
  → Blue
[910/1315] Row 434, Column 6: Stereoisomer av yohimbin....
  → Stereoisomer of yohimbine.
[911/1315] Row 434, Column 7: Hög. Stark stimulant....
  → High. Strong stimulant.
[912/1315] Row 435, Column 2: Grön...
  → Green
[913/1315] Row 435, Column 5: Lugn, sömn, immun....
  → Calm, sleep, immune.
[914/1315] Row 435, Column 7: Låg....
  → Low.
[915/1315] Row 436, Column 2: Grön...
  → Green
[916/1315] Row 436, Column 6: Beta-glukaner....
  → Beta-glucans.
[917/1315] Row 436, Column 7: Låg....
  → Low.
[918/1315] Row 437, Column 2: Grön...
  → Green
[919/1315] Row 437, Column 6: Potatismjöl, grön banan....
  → Potato starch, green banana.
[920/1315] Row 437, Column 7: Låg....
  → Low.
[921/1315] Row 438, Column 2: Grön...
  → Green
[922/1315] Row 438, Column 6: Potatismjöl, grön banan....
  → Potato starch, green banana.
[923/1315] Row 438, Column 7: Låg....
  → Low.
[924/1315] Row 439, Column 2: Blå...
  → Blue
[925/1315] Row 439, Column 7: Låg....
  → Low.
[926/1315] Row 440, Column 2: Blå...
  → Blue
[927/1315] Row 440, Column 5: Hjärnblodflöde....
  → Cerebral blood flow.
[928/1315] Row 440, Column 7: Låg....
  → Low.
[929/1315] Row 441, Column 2: Blå...
  → Blue
[930/1315] Row 441, Column 5: Metabol hälsa....
  → Metabolic health.
[931/1315] Row 441, Column 7: Låg....
  → Low.
[932/1315] Row 442, Column 2: Blå...
  → Blue
[933/1315] Row 442, Column 6: Dåligt upptag, kräver fett/mikronisering....
  → Poor absorption, requires fat/micronization.
[934/1315] Row 442, Column 7: Medium. CYP450-interaktioner....
    ✗ Failed to translate: Medium. CYP450-interaktioner.
[935/1315] Row 443, Column 2: Grön...
  → Green
[936/1315] Row 443, Column 5: Standardiserad till 3% Rosavins....
  → Standardized to 3% Rosavins.
[937/1315] Row 443, Column 6: Tas på morgonen (kan vara stimulerande)....
  → Taken in the morning (may be stimulating).
[938/1315] Row 443, Column 7: Låg....
    ✗ Failed to translate: Låg.
[939/1315] Row 444, Column 2: Grön...
  → Green
[940/1315] Row 444, Column 6: Kombinera med ärt för komplett....
  → Combine with pea for completeness.
[941/1315] Row 444, Column 7: Låg....
  → Low.
[942/1315] Row 445, Column 2: Grön...
  → Green
[943/1315] Row 445, Column 5: Kärlhälsa, hemorrojder....
  → Vascular health, hemorrhoids.
[944/1315] Row 445, Column 6: Glykosid av quercetin....
  → Glycoside of quercetin.
[945/1315] Row 445, Column 7: Låg....
  → Low.
[946/1315] Row 446, Column 2: Grön...
  → Green
[947/1315] Row 446, Column 5: Halsbränna, IBS....
  → Heartburn, IBS.
[948/1315] Row 446, Column 7: Låg. Tas ej med medicin....
  → Low. Not to be taken with medication.
[949/1315] Row 447, Column 2: Grön...
  → Green
[950/1315] Row 447, Column 5: Halsbränna, tarmslemhinna....
  → Heartburn, intestinal mucosa.

  Saving progress... (950/1315 translated)
[951/1315] Row 447, Column 7: Låg. Kan hindra medicinupptag....
  → Low. May hinder medication absorption.
[952/1315] Row 448, Column 2: Grön...
  → Green
[953/1315] Row 448, Column 6: Kväveoxid (vasodilatation)....
  → Nitric oxide (vasodilation).
[954/1315] Row 448, Column 7: Låg....
  → Low.
[955/1315] Row 449, Column 2: Grön...
  → Green
[956/1315] Row 449, Column 7: Låg....
  → Low.
[957/1315] Row 450, Column 2: Grön...
  → Green
[958/1315] Row 450, Column 5: Kväveoxid, blodtryck, uthållighet....
  → Nitric oxide, blood pressure, endurance.
[959/1315] Row 450, Column 6: Standardisera för nitratinnehåll....
  → Standardize for nitrate content.
[960/1315] Row 450, Column 7: Låg. Sänker blodtryck....
  → Low. Lowers blood pressure.
[961/1315] Row 451, Column 2: Grön...
  → Green
[962/1315] Row 451, Column 6: Fytoöstrogen....
    ✗ Failed to translate: Fytoöstrogen.
[963/1315] Row 451, Column 7: Medium....
[964/1315] Row 452, Column 2: Grön...
  → Green
[965/1315] Row 452, Column 7: Medium. Q10-brist?...
  → Medium. Q10 deficiency?
[966/1315] Row 453, Column 2: Grön...
  → Green
[967/1315] Row 453, Column 5: Jäst-probiotika, antibiotika-mage....
  → Yeast-probiotics, antibiotic gut.
[968/1315] Row 453, Column 6: Dör ej av antibiotika....
  → Does not die from antibiotics.
[969/1315] Row 453, Column 7: Låg. Ej för immunsupprimerade....
  → Low. Not for immunosuppressed.
[970/1315] Row 454, Column 2: Blå...
  → Blue
[971/1315] Row 454, Column 5: Fokus, dopaminåterupptag....
  → Focus, dopamine reuptake.
[972/1315] Row 454, Column 6: BDNF-stöd....
  → BDNF support.
[973/1315] Row 454, Column 7: Låg....
  → Low.
[974/1315] Row 455, Column 2: Grön...
  → Green
[975/1315] Row 455, Column 5: Jästprobiotika, diarré....
  → Yeast probiotics, diarrhea.
[976/1315] Row 455, Column 7: Låg....
  → Low.
[977/1315] Row 456, Column 2: Grön...
  → Green
[978/1315] Row 456, Column 5: Depression, ångest....
  → Depression, anxiety.
[979/1315] Row 456, Column 7: Låg....
  → Low.
[980/1315] Row 457, Column 2: Grön...
  → Green
[981/1315] Row 457, Column 5: Humör, depression, sömn....
  → Mood, depression, sleep.
[982/1315] Row 457, Column 7: Låg....
  → Low.
[983/1315] Row 458, Column 2: Grön...
  → Green
[984/1315] Row 458, Column 5: Humör, ögonhälsa, aptitdämpning....
  → Mood, eye health, appetite suppression.
[985/1315] Row 458, Column 6: Påverkar serotonin/dopamin....
  → Affects serotonin/dopamine.
[986/1315] Row 458, Column 7: Låg....
  → Low.
[987/1315] Row 459, Column 2: Grön...
  → Green
[988/1315] Row 459, Column 7: Medium. Mani vid bipolär sjukdom....
  → Medium. Mania in bipolar disorder.
[989/1315] Row 460, Column 2: Blå...
  → Blue
[990/1315] Row 460, Column 5: Glycin-transportörhämmare....
  → Glycine transporter inhibitor.
[991/1315] Row 460, Column 7: Låg....
  → Low.
[992/1315] Row 461, Column 2: Grön...
  → Green
[993/1315] Row 461, Column 5: BPH, prostata, håravfall....
  → BPH, prostate, hair loss.
[994/1315] Row 461, Column 6: Hämmar 5-alfa-reduktas....
  → Inhibits 5-alpha-reductase.
[995/1315] Row 461, Column 7: Låg....
  → Low.
[996/1315] Row 462, Column 2: Grön...
  → Green
[997/1315] Row 462, Column 5: Prostataförstoring....
  → Prostate enlargement.
[998/1315] Row 462, Column 7: Låg....
  → Low.
[999/1315] Row 463, Column 2: Grön...
  → Green
[1000/1315] Row 463, Column 6: Fas 1 & 2 detox-stöd....
  → Phase 1 & 2 detox support.

  Saving progress... (1000/1315 translated)
[1001/1315] Row 463, Column 7: Låg....
  → Low.
[1002/1315] Row 464, Column 2: Grön...
  → Green
[1003/1315] Row 464, Column 6: Innehåller Baicalin....
  → Contains Baicalin.
[1004/1315] Row 464, Column 7: Låg....
  → Low.
[1005/1315] Row 465, Column 2: Grön...
  → Green
[1006/1315] Row 465, Column 5: Antioxidant, virusförsvar....
  → Antioxidant, virus defense.
[1007/1315] Row 465, Column 6: Brist ökar virus-virulens....
  → Deficiency increases virus virulence.
[1008/1315] Row 465, Column 7: Låg....
  → Low.
[1009/1315] Row 466, Column 2: Grön...
  → Green
[1010/1315] Row 466, Column 5: Sköldkörtel, antioxidant....
  → Thyroid, antioxidant.
[1011/1315] Row 466, Column 6: Organisk form, lagras i vävnad....
  → Organic form, stored in tissue.
[1012/1315] Row 466, Column 7: Medium. Toxiskt vid överdos (>400mcg)....
  → Medium. Toxic in case of overdose (>400mcg).
[1013/1315] Row 467, Column 2: Grön...
  → Green
[1014/1315] Row 467, Column 6: Standardiserat för ftalider....
  → Standardized for phthalides.
[1015/1315] Row 467, Column 7: Låg....
  → Low.
[1016/1315] Row 468, Column 2: Blå...
  → Blue
[1017/1315] Row 468, Column 5: Ärrvävnad, inflammation....
  → Scar tissue, inflammation.
[1018/1315] Row 468, Column 7: Låg....
  → Low.
[1019/1315] Row 469, Column 2: Grön...
  → Green
[1020/1315] Row 469, Column 5: Hjärta, immun....
  → Heart, immune.
[1021/1315] Row 469, Column 6: AHCC är ett extrakt från denna....
    ✗ Failed to translate: AHCC är ett extrakt från denna.
[1022/1315] Row 469, Column 7: Låg....
  → Low.
[1023/1315] Row 470, Column 2: Grön...
  → Green
[1024/1315] Row 470, Column 6: Ej östrogen (serotonin?)....
  → Not estrogen (serotonin?).
[1025/1315] Row 470, Column 7: Låg. Leverrisk (sällsynt)....
  → Low. Liver risk (rare).
[1026/1315] Row 471, Column 2: Blå...
  → Blue
[1027/1315] Row 471, Column 5: Tarmhälsa, inflammation....
  → Gut health, inflammation.
[1028/1315] Row 471, Column 6: Luktar illa (smör). Cellenergi....
  → Smells bad (butter). Cellular energy.
[1029/1315] Row 471, Column 7: Låg....
  → Low.
[1030/1315] Row 472, Column 2: Grön...
  → Green
[1031/1315] Row 472, Column 6: Fytoöstrogen....
    ✗ Failed to translate: Fytoöstrogen.
[1032/1315] Row 472, Column 7: Medium. Hormonkänslig cancer?...
  → Medium. Hormone-sensitive cancer?
[1033/1315] Row 473, Column 2: Grön...
  → Green
[1034/1315] Row 473, Column 6: Innehåller isoflavoner....
  → Contains isoflavones.
[1035/1315] Row 473, Column 7: Låg....
  → Low.
[1036/1315] Row 474, Column 2: Blå...
  → Blue
[1037/1315] Row 474, Column 5: Främjar autofagi. Vetegroddsextrakt....
  → Promotes autophagy. Wheat germ extract.
[1038/1315] Row 474, Column 6: Tas med mat....
  → Taken with food.
[1039/1315] Row 474, Column 7: Låg. Innehåller ofta gluten (från vete)....
  → Low. Often contains gluten (from wheat).
[1040/1315] Row 475, Column 2: Grön...
  → Green
[1041/1315] Row 475, Column 5: Näringstät, tungmetall-detox....
  → Nutrient-dense, heavy metal detox.
[1042/1315] Row 475, Column 7: Låg....
  → Low.
[1043/1315] Row 476, Column 2: Blå...
  → Blue
[1044/1315] Row 476, Column 5: Trötthet, motivation....
  → Fatigue, motivation.
[1045/1315] Row 476, Column 6: Syntetisk B1-dimer, fettlöslig....
  → Synthetic B1 dimer, fat-soluble.
[1046/1315] Row 476, Column 7: Låg. Toleransutveckling....
  → Low. Tolerance development.
[1047/1315] Row 477, Column 2: Grön...
  → Green
[1048/1315] Row 477, Column 5: Potent detox, Nrf2-aktivering....
  → Potent detox, Nrf2 activation.
[1049/1315] Row 477, Column 6: Kräver myrosinas för aktivering....
  → Requires myrosinase for activation.
[1050/1315] Row 477, Column 7: Låg....
  → Low.

  Saving progress... (1050/1315 translated)
[1051/1315] Row 478, Column 2: Grön...
  → Green
[1052/1315] Row 478, Column 6: Innehåller Thymoquinone....
  → Contains Thymoquinone.
[1053/1315] Row 478, Column 7: Låg....
  → Low.
[1054/1315] Row 479, Column 2: Grön...
  → Green
[1055/1315] Row 479, Column 5: GLA-källa....
  → GLA source.
[1056/1315] Row 479, Column 6: Hud, hår....
  → Skin, hair.
[1057/1315] Row 479, Column 7: Låg....
  → Low.
[1058/1315] Row 480, Column 2: Grön...
  → Green
[1059/1315] Row 480, Column 6: Liknar efedrin men svagare/säkrare....
  → Resembles ephedrine but weaker/safer.
[1060/1315] Row 480, Column 7: Medium. Blodtryck....
  → Medium. Blood pressure.
[1061/1315] Row 481, Column 2: Grön...
  → Green
[1062/1315] Row 481, Column 5: Metabolism, fettförbränning....
  → Metabolism, fat burning.
[1063/1315] Row 481, Column 6: P-synefrin är säkrast....
  → P-synephrine is the safest.
[1064/1315] Row 481, Column 7: Medium....
[1065/1315] Row 482, Column 2: Grön...
  → Green
[1066/1315] Row 482, Column 5: Håravfall (manligt/kvinnligt)....
  → Hair loss (male/female).
[1067/1315] Row 482, Column 7: Låg....
  → Low.
[1068/1315] Row 483, Column 2: Grön...
  → Green
[1069/1315] Row 483, Column 5: Blodflöde, NO, hud....
  → Blood flow, NO, skin.
[1070/1315] Row 483, Column 6: Liknar druvkärneextrakt....
  → Similar to grape seed extract.
[1071/1315] Row 483, Column 7: Låg....
  → Low.
[1072/1315] Row 484, Column 2: Grön...
  → Green
[1073/1315] Row 484, Column 6: Återhämtning idrott....
  → Recovery sports.
[1074/1315] Row 484, Column 7: Låg....
  → Low.
[1075/1315] Row 485, Column 2: Grön...
  → Green
[1076/1315] Row 485, Column 5: Sömn (naturligt melatonin)....
  → Sleep (natural melatonin).
[1077/1315] Row 485, Column 6: Också antiinflammatorisk....
  → Also anti-inflammatory.
[1078/1315] Row 485, Column 7: Låg....
  → Low.
[1079/1315] Row 486, Column 2: Grön...
  → Green
[1080/1315] Row 486, Column 5: Cellvolym, hjärta, lugn....
  → Cell volume, heart, calm.
[1081/1315] Row 486, Column 7: Låg....
  → Low.
[1082/1315] Row 487, Column 2: Grön...
  → Green
[1083/1315] Row 487, Column 5: Hjärthälsa....
  → Heart health.
[1084/1315] Row 487, Column 7: Låg....
  → Low.
[1085/1315] Row 488, Column 2: Grön...
  → Green
[1086/1315] Row 488, Column 5: Leverhälsa, gallflöde....
  → Liver health, bile flow.
[1087/1315] Row 488, Column 6: Skyddar mot celldöd (ER-stress)....
  → Protects against cell death (ER stress).
[1088/1315] Row 488, Column 7: Låg....
  → Low.
[1089/1315] Row 489, Column 2: Grön...
  → Green
[1090/1315] Row 489, Column 5: Hjärthälsa, kramp, lugnande....
  → Heart health, cramps, calming.
[1091/1315] Row 489, Column 7: Låg....
  → Low.
[1092/1315] Row 490, Column 2: Grön...
  → Green
[1093/1315] Row 490, Column 7: Låg....
  → Low.
[1094/1315] Row 491, Column 2: Grön...
  → Green
[1095/1315] Row 491, Column 5: Avslappning, fokus....
  → Relaxation, focus.
[1096/1315] Row 491, Column 6: Alfavågor....
  → Alpha waves.
[1097/1315] Row 491, Column 7: Låg....
  → Low.
[1098/1315] Row 492, Column 2: Grön...
  → Green
[1099/1315] Row 492, Column 6: Alfavågor....
  → Alpha waves.
[1100/1315] Row 492, Column 7: Låg....
  → Low.

  Saving progress... (1100/1315 translated)
[1101/1315] Row 493, Column 2: Grön...
  → Green
[1102/1315] Row 493, Column 6: Vidgar blodkärl, lång halveringstid....
  → Vasodilates, long half-life.
[1103/1315] Row 493, Column 7: Låg. Giftigt för hundar!...
  → Low. Toxic to dogs!
[1104/1315] Row 494, Column 2: Grön...
  → Green
[1105/1315] Row 494, Column 5: Cirkulation, humör....
  → Circulation, mood.
[1106/1315] Row 494, Column 6: Antioxidanter (flavanoler)....
  → Antioxidants (flavanols).
[1107/1315] Row 494, Column 7: Låg....
  → Low.
[1108/1315] Row 495, Column 2: Blå...
  → Blue
[1109/1315] Row 495, Column 6: Bättre antioxidantskydd än tokoferoler....
  → Better antioxidant protection than tocopherols.
[1110/1315] Row 495, Column 7: Låg....
  → Low.
[1111/1315] Row 496, Column 2: Grön...
  → Green
[1112/1315] Row 496, Column 7: Låg....
  → Low.
[1113/1315] Row 497, Column 2: Grön...
  → Green
[1114/1315] Row 497, Column 6: Sänker SHBG....
  → Lowers SHBG.
[1115/1315] Row 497, Column 7: Låg....
  → Low.
[1116/1315] Row 498, Column 2: Grön...
  → Green
[1117/1315] Row 498, Column 5: Urinvägsinfektion....
  → Urinary tract infection.
[1118/1315] Row 498, Column 7: Låg....
  → Low.
[1119/1315] Row 499, Column 2: Grön...
  → Green
[1120/1315] Row 499, Column 5: Dosering avs proantocyanidiner....
  → Dosage of proanthocyanidins.
[1121/1315] Row 499, Column 6: Förhindrar E.coli-fäste....
  → Prevents E.coli adhesion.
[1122/1315] Row 499, Column 7: Låg....
  → Low.
[1123/1315] Row 500, Column 2: Grön...
  → Green
[1124/1315] Row 500, Column 5: Urinvägshälsa....
  → Urinary tract health.
[1125/1315] Row 500, Column 6: Innehåller PACs (proantocyanidiner)....
  → Contains PACs (proanthocyanidins).
[1126/1315] Row 500, Column 7: Låg....
  → Low.
[1127/1315] Row 501, Column 2: Blå...
  → Blue
[1128/1315] Row 501, Column 5: Hud, fukt, skönhet....
  → Skin, moisture, beauty.
[1129/1315] Row 501, Column 7: Låg....
  → Low.
[1130/1315] Row 502, Column 2: Blå...
  → Blue
[1131/1315] Row 502, Column 6: Ökar lust, ej muskel....
  → Increases desire, not muscle.
[1132/1315] Row 502, Column 7: Låg....
  → Low.
[1133/1315] Row 503, Column 2: Grön...
  → Green
[1134/1315] Row 503, Column 5: Libido (ej testosteron i män)....
  → Libido (not testosterone in men).
[1135/1315] Row 503, Column 6: Protodioscin är aktivt ämne....
  → Protodioscin is the active substance.
[1136/1315] Row 503, Column 7: Låg....
  → Low.
[1137/1315] Row 504, Column 2: Grön...
  → Green
[1138/1315] Row 504, Column 5: Serotonin, sömn....
  → Serotonin, sleep.
[1139/1315] Row 504, Column 6: Säkrare än 5-HTP (rate-limited)....
  → Safer than 5-HTP (rate-limited).
[1140/1315] Row 504, Column 7: Låg....
  → Low.
[1141/1315] Row 505, Column 2: Blå...
  → Blue
[1142/1315] Row 505, Column 6: Växtsterol, ej androgen....
  → Plant sterol, not androgen.
[1143/1315] Row 505, Column 7: Låg....
  → Low.
[1144/1315] Row 506, Column 2: Grön...
  → Green
[1145/1315] Row 506, Column 5: Cancer-stöd, immun....
  → Cancer support, immune.
[1146/1315] Row 506, Column 7: Låg....
  → Low.
[1147/1315] Row 507, Column 2: Grön...
  → Green
[1148/1315] Row 507, Column 5: Immunstöd (cellgifter)....
  → Immune support (chemotherapy).
[1149/1315] Row 507, Column 7: Låg....
  → Low.
[1150/1315] Row 508, Column 2: Grön...
  → Green

  Saving progress... (1150/1315 translated)
[1151/1315] Row 508, Column 5: Dopamin, fokus vid stress....
  → Dopamine, focus during stress.
[1152/1315] Row 508, Column 6: Krävs för sköldkörtelhormon....
  → Required for thyroid hormone.
[1153/1315] Row 508, Column 7: Låg....
  → Low.
[1154/1315] Row 509, Column 2: Grön...
  → Green
[1155/1315] Row 509, Column 7: Låg....
  → Low.
[1156/1315] Row 510, Column 2: Grön...
  → Green
[1157/1315] Row 510, Column 7: Låg....
  → Low.
[1158/1315] Row 511, Column 2: Blå...
  → Blue
[1159/1315] Row 511, Column 6: Synergi med DHA/Kolin....
  → Synergy with DHA/Choline.
[1160/1315] Row 511, Column 7: Låg....
    ✗ Failed to translate: Låg.
[1161/1315] Row 512, Column 2: Grön...
  → Green
[1162/1315] Row 512, Column 5: Sömn, oro....
  → Sleep, anxiety.
[1163/1315] Row 512, Column 7: Låg....
  → Low.
[1164/1315] Row 513, Column 2: Grön...
  → Green
[1165/1315] Row 513, Column 5: Sömn, lugnande....
  → Sleep, calming.
[1166/1315] Row 513, Column 6: Ökar GABA-aktivitet....
  → Increases GABA activity.
[1167/1315] Row 513, Column 7: Medium. Dåsighet....
  → Medium. Drowsiness.
[1168/1315] Row 514, Column 2: Blå...
  → Blue
[1169/1315] Row 514, Column 6: Spårelement....
  → Trace elements.
[1170/1315] Row 514, Column 7: Medium. Toxiskt i hög dos....
  → Medium. Toxic in high dose.
[1171/1315] Row 515, Column 2: Grön...
  → Green
[1172/1315] Row 515, Column 6: Högt i Leucin. Anabolt....
  → High in Leucine. Anabolic.
[1173/1315] Row 515, Column 7: Låg....
  → Low.
[1174/1315] Row 516, Column 2: Blå...
  → Blue
[1175/1315] Row 516, Column 5: Källa till Spermidine....
  → Source of Spermidine.
[1176/1315] Row 516, Column 6: Cellförnyelse....
  → Cell renewal.
[1177/1315] Row 516, Column 7: Låg. Gluten?...
  → Low. Gluten?
[1178/1315] Row 517, Column 2: Grön...
  → Green
[1179/1315] Row 517, Column 5: Näring, pH-balans....
  → Nutrition, pH balance.
[1180/1315] Row 517, Column 6: Innehåller enzymer och vitaminer....
  → Contains enzymes and vitamins.
[1181/1315] Row 517, Column 7: Låg....
  → Low.
[1182/1315] Row 518, Column 2: Grön...
  → Green
[1183/1315] Row 518, Column 5: Hjärnans blodflöde....
  → Cerebral blood flow.
[1184/1315] Row 518, Column 6: Syntetisk från Periwinkle....
  → Synthetic from Periwinkle.
[1185/1315] Row 518, Column 7: Låg....
    ✗ Failed to translate: Låg.
[1186/1315] Row 519, Column 2: Grön...
  → Green
[1187/1315] Row 519, Column 5: Blodflöde hjärna....
  → Blood flow brain.
[1188/1315] Row 519, Column 7: Låg....
  → Low.
[1189/1315] Row 520, Column 2: Grön...
  → Green
[1190/1315] Row 520, Column 5: Kolhydratblockerare (amylashämmare)....
  → Carbohydrate blockers (amylase inhibitors).
[1191/1315] Row 520, Column 6: Tas före stärkelserik mat....
  → Take before starchy food.
[1192/1315] Row 520, Column 7: Låg. Gas/uppblåsthet....
  → Low. Gas/bloating.
[1193/1315] Row 521, Column 2: Grön...
  → Green
[1194/1315] Row 521, Column 6: Hämmar alfa-amylas....
    ✗ Failed to translate: Hämmar alfa-amylas.
[1195/1315] Row 521, Column 7: Låg. Gaser....
  → Low. Gases.
[1196/1315] Row 522, Column 2: Grön...
  → Green
[1197/1315] Row 522, Column 5: Hudcell-omsättning, akne....
  → Skin cell turnover, acne.
[1198/1315] Row 522, Column 6: Retinol (animaliskt) bäst....
  → Retinol (animal) is best.
[1199/1315] Row 522, Column 7: Medium. Graviditet (maxdos)....
  → Medium. Pregnancy (max dose).
[1200/1315] Row 523, Column 2: Grön...
  → Green

  Saving progress... (1200/1315 translated)
[1201/1315] Row 523, Column 6: Vattenlöslig....
  → Water-soluble.
[1202/1315] Row 523, Column 7: Låg....
  → Low.
[1203/1315] Row 524, Column 2: Blå...
  → Blue
[1204/1315] Row 524, Column 6: Bra för energi/Krebs-cykeln....
  → Good for energy/Krebs cycle.
[1205/1315] Row 524, Column 7: Låg....
  → Low.
[1206/1315] Row 525, Column 2: Grön...
  → Green
[1207/1315] Row 525, Column 6: Sämre upptag än metyl/adeno....
  → Worse absorption than methyl/adeno.
[1208/1315] Row 525, Column 7: Låg....
  → Low.
[1209/1315] Row 526, Column 2: Grön...
  → Green
[1210/1315] Row 526, Column 5: Aktiv form, bra för nervhälsa....
  → Active form, good for nerve health.
[1211/1315] Row 526, Column 6: Sublingualt upptag är effektivt....
  → Sublingual absorption is effective.
[1212/1315] Row 526, Column 7: Låg....
  → Low.
[1213/1315] Row 527, Column 2: Grön...
  → Green
[1214/1315] Row 527, Column 5: Energi, migrän (hög dos)....
  → Energy, migraine (high dose).
[1215/1315] Row 527, Column 6: Färgar urin neongul....
  → Colors urine neon yellow.
[1216/1315] Row 527, Column 7: Låg....
  → Low.
[1217/1315] Row 528, Column 2: Grön...
  → Green
[1218/1315] Row 528, Column 7: Medium. Leverpåverkan vid extrem dos....
  → Medium. Liver impact at extreme dose.
[1219/1315] Row 529, Column 2: Grön...
  → Green
[1220/1315] Row 529, Column 6: Vattenlöslig....
  → Water-soluble.
[1221/1315] Row 529, Column 7: Låg....
  → Low.
[1222/1315] Row 530, Column 2: Grön...
  → Green
[1223/1315] Row 530, Column 5: Immunförsvar, kortisol, kollagen....
  → Immune system, cortisol, collagen.
[1224/1315] Row 530, Column 6: Vattenlöslig, överskott kissas ut....
  → Water-soluble, excess is excreted in urine.
[1225/1315] Row 530, Column 7: Låg. Diarré vid hög dos....
  → Low. Diarrhea at high dose.
[1226/1315] Row 531, Column 2: Grön...
  → Green
[1227/1315] Row 531, Column 7: Låg....
  → Low.
[1228/1315] Row 532, Column 2: Grön...
  → Green
[1229/1315] Row 532, Column 5: Tas med K2 vid högre doser....
  → Taken with K2 at higher doses.
[1230/1315] Row 532, Column 6: Fettlösligt, tas med mat....
  → Fat-soluble, taken with food.
[1231/1315] Row 532, Column 7: Låg. Överdos kan ge hyperkalcemi....
  → Low. Overdose can cause hypercalcemia.
[1232/1315] Row 533, Column 2: Grön...
  → Green
[1233/1315] Row 533, Column 7: Låg....
  → Low.
[1234/1315] Row 534, Column 2: Grön...
  → Green
[1235/1315] Row 534, Column 6: Välj blandade tokoferoler (ej bara alfa)....
  → Choose mixed tocopherols (not just alpha).
[1236/1315] Row 534, Column 7: Medium. Blodförtunnande....
  → Medium. Blood-thinning.
[1237/1315] Row 535, Column 2: Grön...
  → Green
[1238/1315] Row 535, Column 5: Artärstelhet....
  → Arterial stiffness.
[1239/1315] Row 535, Column 6: Förhindrar kalcium i kärl....
  → Prevents calcium in vessels.
[1240/1315] Row 535, Column 7: Medium. Waran....
  → Medium. Warfarin.
[1241/1315] Row 536, Column 2: Grön...
  → Green
[1242/1315] Row 536, Column 5: Viktig för att rikta kalcium till skelettet....
  → Important for directing calcium to the skeleton.
[1243/1315] Row 536, Column 6: Fettlösligt. Lång halveringstid....
  → Fat-soluble. Long half-life.
[1244/1315] Row 536, Column 7: Medium. Interagerar med Waran....
  → Medium. Interacts with Warfarin.
[1245/1315] Row 537, Column 2: Grön...
  → Green
[1246/1315] Row 537, Column 5: Immun, hjärta....
  → Immune, heart.
[1247/1315] Row 537, Column 6: Allicin är aktivt....
  → Allicin is active.
[1248/1315] Row 537, Column 7: Låg....
  → Low.
[1249/1315] Row 538, Column 2: Grön...
  → Green
[1250/1315] Row 538, Column 5: Blodtryck, immunförsvar....
  → Blood pressure, immune system.

  Saving progress... (1250/1315 translated)
[1251/1315] Row 538, Column 6: Standardiserad för Allicin-innehåll....
  → Standardized for Allicin content.
[1252/1315] Row 538, Column 7: Låg. Blodförtunnande....
  → Low. Blood-thinning.
[1253/1315] Row 539, Column 2: Grön...
  → Green
[1254/1315] Row 539, Column 7: Låg....
  → Low.
[1255/1315] Row 540, Column 2: Grön...
  → Green
[1256/1315] Row 540, Column 5: Smärta (Salicin)....
  → Pain (Salicin).
[1257/1315] Row 540, Column 7: Medium. Magsår? Salicylat....
  → Medium. Stomach ulcer? Salicylate.
[1258/1315] Row 541, Column 2: Grön...
  → Green
[1259/1315] Row 541, Column 7: Låg....
  → Low.
[1260/1315] Row 542, Column 2: Blå...
  → Blue
[1261/1315] Row 542, Column 6: Diosgenin (kräver labbomvandling)....
  → Diosgenin (requires lab conversion).
[1262/1315] Row 542, Column 7: Låg. Placebo?...
    ✗ Failed to translate: Låg. Placebo?
[1263/1315] Row 543, Column 2: Grön...
  → Green
[1264/1315] Row 543, Column 6: Innehåller koffein/teobromin....
  → Contains caffeine/theobromine.
[1265/1315] Row 543, Column 7: Låg....
  → Low.
[1266/1315] Row 544, Column 2: Grön...
  → Green
[1267/1315] Row 544, Column 5: Fettförbränning (alfa-2 antagonist)....
  → Fat burning (alpha-2 antagonist).
[1268/1315] Row 544, Column 6: Kan ge ångest/hjärtklappning....
  → May cause anxiety/palpitations.
[1269/1315] Row 544, Column 7: Hög. Dosera försiktigt!...
  → High. Dose cautiously!
[1270/1315] Row 545, Column 2: Grön...
  → Green
[1271/1315] Row 545, Column 5: Erektion, fettförbränning....
  → Erection, fat burning.
[1272/1315] Row 545, Column 7: Hög. Ångest/Hjärta....
  → High. Anxiety/Heart.
[1273/1315] Row 546, Column 2: Grön...
  → Green
[1274/1315] Row 546, Column 5: Hudläkning, akne, hormoner....
  → Skin healing, acne, hormones.
[1275/1315] Row 546, Column 6: Pikolinat/Glycinat bäst....
  → Picolinate/Glycinate best.
[1276/1315] Row 546, Column 7: Låg. Kopparbalans....
  → Low. Copper balance.
[1277/1315] Row 547, Column 2: Grön...
  → Green
[1278/1315] Row 547, Column 7: Låg....
  → Low.
[1279/1315] Row 548, Column 2: Grön...
  → Green
[1280/1315] Row 548, Column 7: Låg....
  → Low.
[1281/1315] Row 549, Column 2: Grön...
  → Green
[1282/1315] Row 549, Column 6: Viktig för mannens hälsa....
  → Important for men's health.
[1283/1315] Row 549, Column 7: Medium. Kopparbrist....
  → Medium. Copper deficiency.
[1284/1315] Row 550, Column 2: Grön...
  → Green
[1285/1315] Row 550, Column 7: Låg....
  → Low.
[1286/1315] Row 552, Column 2: Grön...
  → Green
[1287/1315] Row 552, Column 7: Låg....
  → Low.
[1288/1315] Row 553, Column 2: Grön...
  → Green
[1289/1315] Row 553, Column 5: Specifikt för maghälsa/slemhinnor....
  → Specific for gut health/mucous membranes.
[1290/1315] Row 553, Column 6: Löses långsamt i magen för lokal effekt....
  → Dissolves slowly in the stomach for local effect.
[1291/1315] Row 553, Column 7: Låg....
  → Low.
[1292/1315] Row 554, Column 2: Grön...
  → Green
[1293/1315] Row 554, Column 5: Balansera med koppar vid långtidsbruk....
  → Balance with copper during long-term use.
[1294/1315] Row 554, Column 6: Pikolinat har utmärkt upptag....
  → Picolinate has excellent absorption.
[1295/1315] Row 554, Column 7: Medium. Kan hämma kopparupptag....
  → Medium. May inhibit copper absorption.
[1296/1315] Row 555, Column 2: Grön...
  → Green
[1297/1315] Row 555, Column 5: Sömn, återhämtning....
  → Sleep, recovery.
[1298/1315] Row 555, Column 6: Populär stack....
  → Popular stack.
[1299/1315] Row 555, Column 7: Låg....
  → Low.
[1300/1315] Row 556, Column 2: Grön...
  → Green

  Saving progress... (1300/1315 translated)
[1301/1315] Row 556, Column 5: Kiselkälla....
  → Silica source.
[1302/1315] Row 556, Column 6: Ofta i hårkomplex....
  → Often in hair complex.
[1303/1315] Row 556, Column 7: Låg....
  → Low.
[1304/1315] Row 557, Column 2: Grön...
  → Green
[1305/1315] Row 557, Column 5: Medelsnabbt, hög BV....
  → Moderately fast, high BV.
[1306/1315] Row 557, Column 7: Låg....
  → Low.
[1307/1315] Row 558, Column 2: Grön...
  → Green
[1308/1315] Row 558, Column 5: Blodsocker, matsmältning....
  → Blood sugar, digestion.
[1309/1315] Row 558, Column 7: Låg....
  → Low.
[1310/1315] Row 559, Column 2: Grön...
  → Green
[1311/1315] Row 559, Column 6: Ättiksyra....
  → Acetic acid.
[1312/1315] Row 559, Column 7: Låg....
  → Low.
[1313/1315] Row 560, Column 2: Grön...
  → Green
[1314/1315] Row 560, Column 6: Högt i Arginin....
  → High in Arginine.
[1315/1315] Row 560, Column 7: Låg....
  → Low.

Saving final version...

✅ Complete! Translated 1315 cells.
✅ Updated only the specific cells in supplements-english.csv
